INFO:kafka.conn:<BrokerConnection node_id=bootstrap-0 host=localhost:9092 <connecting> [IPv4 ('127.0.0.1', 9092)]>: connecting to localhost:9092 [('127.0.0.1', 9092) IPv4]
INFO:kafka.conn:Probing node bootstrap-0 broker version
INFO:kafka.conn:<BrokerConnection node_id=bootstrap-0 host=localhost:9092 <connecting> [IPv4 ('127.0.0.1', 9092)]>: Connection complete.
INFO:kafka.conn:Broker version identified as 2.5.0
INFO:kafka.conn:Set configuration api_version=(2, 5, 0) to skip auto check_version requests on startup
INFO:kafka.consumer.subscription_state:Updating subscribed topics to: ('weather_data_topic',)
INFO:kafka.cluster:Group coordinator for weather-consumer is BrokerMetadata(nodeId='coordinator-0', host='localhost', port=9092, rack=None)
INFO:kafka.coordinator:Discovered coordinator coordinator-0 for group weather-consumer
INFO:kafka.coordinator:Starting new heartbeat thread
INFO:kafka.coordinator.consumer:Revoking previously assigned partitions set() for group weather-consumer
INFO:kafka.conn:<BrokerConnection node_id=coordinator-0 host=localhost:9092 <connecting> [IPv4 ('127.0.0.1', 9092)]>: connecting to localhost:9092 [('127.0.0.1', 9092) IPv4]
INFO:kafka.conn:<BrokerConnection node_id=coordinator-0 host=localhost:9092 <connecting> [IPv4 ('127.0.0.1', 9092)]>: Connection complete.
INFO:kafka.conn:<BrokerConnection node_id=bootstrap-0 host=localhost:9092 <connected> [IPv4 ('127.0.0.1', 9092)]>: Closing connection. 
INFO:kafka.coordinator:(Re-)joining group weather-consumer
INFO:kafka.conn:<BrokerConnection node_id=bootstrap-0 host=localhost:9092 <connecting> [IPv4 ('127.0.0.1', 9092)]>: connecting to localhost:9092 [('127.0.0.1', 9092) IPv4]
INFO:kafka.conn:<BrokerConnection node_id=bootstrap-0 host=localhost:9092 <connecting> [IPv4 ('127.0.0.1', 9092)]>: Connection complete.
INFO:kafka.coordinator:Elected group leader -- performing partition assignments using range
INFO:kafka.coordinator:Successfully joined group weather-consumer with generation 3
INFO:kafka.consumer.subscription_state:Updated partition assignment: [TopicPartition(topic='weather_data_topic', partition=0)]
INFO:kafka.coordinator.consumer:Setting newly assigned partitions {TopicPartition(topic='weather_data_topic', partition=0)} for group weather-consumer
INFO:kafka.conn:<BrokerConnection node_id=0 host=localhost:9092 <connecting> [IPv4 ('127.0.0.1', 9092)]>: connecting to localhost:9092 [('127.0.0.1', 9092) IPv4]
INFO:kafka.conn:<BrokerConnection node_id=0 host=localhost:9092 <connecting> [IPv4 ('127.0.0.1', 9092)]>: Connection complete.
INFO:kafka.conn:<BrokerConnection node_id=bootstrap-0 host=localhost:9092 <connected> [IPv4 ('127.0.0.1', 9092)]>: Closing connection. 
INFO:root:Received weather data: {'city': 'Winnipeg', 'temperature': 21.17, 'humidity': 68, 'wind_speed': 11.62, 'received_at': '2024-02-06 11:22:51'}
ERROR:root:Error loading data into PostgreSQL: connection to server at "localhost" (127.0.0.1), port 5432 failed: FATAL:  password authentication failed for user "carolina"
connection to server at "localhost" (127.0.0.1), port 5432 failed: FATAL:  password authentication failed for user "carolina"

INFO:kafka.coordinator:Stopping heartbeat thread
INFO:kafka.conn:<BrokerConnection node_id=bootstrap-0 host=localhost:9092 <connecting> [IPv4 ('127.0.0.1', 9092)]>: connecting to localhost:9092 [('127.0.0.1', 9092) IPv4]
INFO:kafka.conn:Probing node bootstrap-0 broker version
INFO:kafka.conn:<BrokerConnection node_id=bootstrap-0 host=localhost:9092 <connecting> [IPv4 ('127.0.0.1', 9092)]>: Connection complete.
INFO:kafka.conn:Broker version identified as 2.5.0
INFO:kafka.conn:Set configuration api_version=(2, 5, 0) to skip auto check_version requests on startup
INFO:kafka.consumer.subscription_state:Updating subscribed topics to: ('weather_data_topic',)
INFO:kafka.cluster:Group coordinator for weather-consumer is BrokerMetadata(nodeId='coordinator-0', host='localhost', port=9092, rack=None)
INFO:kafka.coordinator:Discovered coordinator coordinator-0 for group weather-consumer
INFO:kafka.coordinator:Starting new heartbeat thread
INFO:kafka.coordinator.consumer:Revoking previously assigned partitions set() for group weather-consumer
INFO:kafka.conn:<BrokerConnection node_id=coordinator-0 host=localhost:9092 <connecting> [IPv4 ('127.0.0.1', 9092)]>: connecting to localhost:9092 [('127.0.0.1', 9092) IPv4]
INFO:kafka.conn:<BrokerConnection node_id=coordinator-0 host=localhost:9092 <connecting> [IPv4 ('127.0.0.1', 9092)]>: Connection complete.
INFO:kafka.conn:<BrokerConnection node_id=bootstrap-0 host=localhost:9092 <connected> [IPv4 ('127.0.0.1', 9092)]>: Closing connection. 
INFO:kafka.coordinator:(Re-)joining group weather-consumer
INFO:kafka.conn:<BrokerConnection node_id=bootstrap-0 host=localhost:9092 <connecting> [IPv4 ('127.0.0.1', 9092)]>: connecting to localhost:9092 [('127.0.0.1', 9092) IPv4]
INFO:kafka.conn:<BrokerConnection node_id=bootstrap-0 host=localhost:9092 <connecting> [IPv4 ('127.0.0.1', 9092)]>: Connection complete.
INFO:kafka.coordinator:Elected group leader -- performing partition assignments using range
INFO:kafka.coordinator:Successfully joined group weather-consumer with generation 5
INFO:kafka.consumer.subscription_state:Updated partition assignment: [TopicPartition(topic='weather_data_topic', partition=0)]
INFO:kafka.coordinator.consumer:Setting newly assigned partitions {TopicPartition(topic='weather_data_topic', partition=0)} for group weather-consumer
INFO:kafka.conn:<BrokerConnection node_id=0 host=localhost:9092 <connecting> [IPv4 ('127.0.0.1', 9092)]>: connecting to localhost:9092 [('127.0.0.1', 9092) IPv4]
INFO:kafka.conn:<BrokerConnection node_id=0 host=localhost:9092 <connecting> [IPv4 ('127.0.0.1', 9092)]>: Connection complete.
INFO:kafka.conn:<BrokerConnection node_id=bootstrap-0 host=localhost:9092 <connected> [IPv4 ('127.0.0.1', 9092)]>: Closing connection. 
INFO:root:Received weather data: {'city': 'Winnipeg', 'temperature': 25.09, 'humidity': 23, 'wind_speed': 13.52, 'received_at': '2024-02-06 11:23:26'}
ERROR:root:Error loading data into PostgreSQL: name 'data' is not defined
INFO:root:Received weather data: {'city': 'Vancouver', 'temperature': -0.53, 'humidity': 70, 'wind_speed': 0.82, 'received_at': '2024-02-06 11:23:26'}
ERROR:root:Error loading data into PostgreSQL: name 'data' is not defined
INFO:root:Received weather data: {'city': 'Winnipeg', 'temperature': 17.6, 'humidity': 54, 'wind_speed': 4.75, 'received_at': '2024-02-06 11:23:31'}
ERROR:root:Error loading data into PostgreSQL: name 'data' is not defined
INFO:root:Received weather data: {'city': 'Vancouver', 'temperature': 26.7, 'humidity': 40, 'wind_speed': 11.01, 'received_at': '2024-02-06 11:23:31'}
ERROR:root:Error loading data into PostgreSQL: name 'data' is not defined
INFO:root:Received weather data: {'city': 'Winnipeg', 'temperature': -18.08, 'humidity': 57, 'wind_speed': 7.63, 'received_at': '2024-02-06 11:23:36'}
ERROR:root:Error loading data into PostgreSQL: name 'data' is not defined
INFO:root:Received weather data: {'city': 'Vancouver', 'temperature': 1.17, 'humidity': 35, 'wind_speed': 11.25, 'received_at': '2024-02-06 11:23:36'}
ERROR:root:Error loading data into PostgreSQL: name 'data' is not defined
INFO:root:Received weather data: {'city': 'Winnipeg', 'temperature': 17.31, 'humidity': 65, 'wind_speed': 13.32, 'received_at': '2024-02-06 11:23:41'}
ERROR:root:Error loading data into PostgreSQL: name 'data' is not defined
INFO:root:Received weather data: {'city': 'Vancouver', 'temperature': -1.02, 'humidity': 23, 'wind_speed': 10.42, 'received_at': '2024-02-06 11:23:41'}
ERROR:root:Error loading data into PostgreSQL: name 'data' is not defined
INFO:root:Received weather data: {'city': 'Winnipeg', 'temperature': 15.84, 'humidity': 65, 'wind_speed': 3.73, 'received_at': '2024-02-06 11:23:46'}
ERROR:root:Error loading data into PostgreSQL: name 'data' is not defined
INFO:root:Received weather data: {'city': 'Vancouver', 'temperature': 0.63, 'humidity': 68, 'wind_speed': 14.07, 'received_at': '2024-02-06 11:23:46'}
ERROR:root:Error loading data into PostgreSQL: name 'data' is not defined
INFO:root:Received weather data: {'city': 'Winnipeg', 'temperature': -15.19, 'humidity': 65, 'wind_speed': 0.1, 'received_at': '2024-02-06 11:23:51'}
ERROR:root:Error loading data into PostgreSQL: name 'data' is not defined
INFO:root:Received weather data: {'city': 'Vancouver', 'temperature': 22.06, 'humidity': 78, 'wind_speed': 0.04, 'received_at': '2024-02-06 11:23:51'}
ERROR:root:Error loading data into PostgreSQL: name 'data' is not defined
INFO:root:Received weather data: {'city': 'Winnipeg', 'temperature': 9.03, 'humidity': 38, 'wind_speed': 5.39, 'received_at': '2024-02-06 11:23:56'}
ERROR:root:Error loading data into PostgreSQL: name 'data' is not defined
INFO:root:Received weather data: {'city': 'Vancouver', 'temperature': 29.95, 'humidity': 33, 'wind_speed': 2.62, 'received_at': '2024-02-06 11:23:56'}
ERROR:root:Error loading data into PostgreSQL: name 'data' is not defined
INFO:root:Received weather data: {'city': 'Winnipeg', 'temperature': 22.27, 'humidity': 59, 'wind_speed': 14.19, 'received_at': '2024-02-06 11:24:01'}
ERROR:root:Error loading data into PostgreSQL: name 'data' is not defined
INFO:root:Received weather data: {'city': 'Vancouver', 'temperature': 1.76, 'humidity': 100, 'wind_speed': 9.91, 'received_at': '2024-02-06 11:24:01'}
ERROR:root:Error loading data into PostgreSQL: name 'data' is not defined
INFO:root:Received weather data: {'city': 'Winnipeg', 'temperature': -18.54, 'humidity': 66, 'wind_speed': 9.44, 'received_at': '2024-02-06 11:24:06'}
ERROR:root:Error loading data into PostgreSQL: name 'data' is not defined
INFO:root:Received weather data: {'city': 'Vancouver', 'temperature': 5.06, 'humidity': 19, 'wind_speed': 12.49, 'received_at': '2024-02-06 11:24:06'}
ERROR:root:Error loading data into PostgreSQL: name 'data' is not defined
INFO:root:Received weather data: {'city': 'Winnipeg', 'temperature': -11.21, 'humidity': 81, 'wind_speed': 11.93, 'received_at': '2024-02-06 11:24:11'}
ERROR:root:Error loading data into PostgreSQL: name 'data' is not defined
INFO:root:Received weather data: {'city': 'Vancouver', 'temperature': 29.39, 'humidity': 45, 'wind_speed': 5.95, 'received_at': '2024-02-06 11:24:11'}
ERROR:root:Error loading data into PostgreSQL: name 'data' is not defined
INFO:root:Received weather data: {'city': 'Winnipeg', 'temperature': 18.45, 'humidity': 77, 'wind_speed': 8.56, 'received_at': '2024-02-06 11:24:16'}
ERROR:root:Error loading data into PostgreSQL: name 'data' is not defined
INFO:root:Received weather data: {'city': 'Vancouver', 'temperature': 23.06, 'humidity': 82, 'wind_speed': 6.64, 'received_at': '2024-02-06 11:24:16'}
ERROR:root:Error loading data into PostgreSQL: name 'data' is not defined
INFO:root:Received weather data: {'city': 'Winnipeg', 'temperature': -2.42, 'humidity': 81, 'wind_speed': 11.89, 'received_at': '2024-02-06 11:24:21'}
ERROR:root:Error loading data into PostgreSQL: name 'data' is not defined
INFO:root:Received weather data: {'city': 'Vancouver', 'temperature': 26.61, 'humidity': 10, 'wind_speed': 5.81, 'received_at': '2024-02-06 11:24:21'}
ERROR:root:Error loading data into PostgreSQL: name 'data' is not defined
INFO:root:Received weather data: {'city': 'Winnipeg', 'temperature': -16.81, 'humidity': 87, 'wind_speed': 9.11, 'received_at': '2024-02-06 11:24:26'}
ERROR:root:Error loading data into PostgreSQL: name 'data' is not defined
INFO:root:Received weather data: {'city': 'Vancouver', 'temperature': -19.9, 'humidity': 53, 'wind_speed': 6.67, 'received_at': '2024-02-06 11:24:26'}
ERROR:root:Error loading data into PostgreSQL: name 'data' is not defined
INFO:root:Received weather data: {'city': 'Winnipeg', 'temperature': -14.39, 'humidity': 28, 'wind_speed': 1.92, 'received_at': '2024-02-06 11:24:31'}
ERROR:root:Error loading data into PostgreSQL: name 'data' is not defined
INFO:root:Received weather data: {'city': 'Vancouver', 'temperature': 18.69, 'humidity': 28, 'wind_speed': 1.7, 'received_at': '2024-02-06 11:24:31'}
ERROR:root:Error loading data into PostgreSQL: name 'data' is not defined
INFO:root:Received weather data: {'city': 'Winnipeg', 'temperature': -13.17, 'humidity': 95, 'wind_speed': 11.27, 'received_at': '2024-02-06 11:24:36'}
ERROR:root:Error loading data into PostgreSQL: name 'data' is not defined
INFO:root:Received weather data: {'city': 'Vancouver', 'temperature': -0.96, 'humidity': 19, 'wind_speed': 13.94, 'received_at': '2024-02-06 11:24:36'}
ERROR:root:Error loading data into PostgreSQL: name 'data' is not defined
INFO:root:Received weather data: {'city': 'Winnipeg', 'temperature': -15.15, 'humidity': 67, 'wind_speed': 13.12, 'received_at': '2024-02-06 11:24:41'}
ERROR:root:Error loading data into PostgreSQL: name 'data' is not defined
INFO:root:Received weather data: {'city': 'Vancouver', 'temperature': 17.02, 'humidity': 10, 'wind_speed': 7.71, 'received_at': '2024-02-06 11:24:41'}
ERROR:root:Error loading data into PostgreSQL: name 'data' is not defined
INFO:root:Received weather data: {'city': 'Winnipeg', 'temperature': -10.23, 'humidity': 35, 'wind_speed': 9.69, 'received_at': '2024-02-06 11:24:46'}
ERROR:root:Error loading data into PostgreSQL: name 'data' is not defined
INFO:root:Received weather data: {'city': 'Vancouver', 'temperature': 22.05, 'humidity': 100, 'wind_speed': 8.93, 'received_at': '2024-02-06 11:24:46'}
ERROR:root:Error loading data into PostgreSQL: name 'data' is not defined
INFO:root:Received weather data: {'city': 'Winnipeg', 'temperature': 3.33, 'humidity': 20, 'wind_speed': 9.78, 'received_at': '2024-02-06 11:24:51'}
ERROR:root:Error loading data into PostgreSQL: name 'data' is not defined
INFO:root:Received weather data: {'city': 'Vancouver', 'temperature': -1.44, 'humidity': 12, 'wind_speed': 3.35, 'received_at': '2024-02-06 11:24:51'}
ERROR:root:Error loading data into PostgreSQL: name 'data' is not defined
INFO:root:Received weather data: {'city': 'Winnipeg', 'temperature': 8.07, 'humidity': 96, 'wind_speed': 11.85, 'received_at': '2024-02-06 11:24:56'}
ERROR:root:Error loading data into PostgreSQL: name 'data' is not defined
INFO:root:Received weather data: {'city': 'Vancouver', 'temperature': 2.61, 'humidity': 25, 'wind_speed': 14.21, 'received_at': '2024-02-06 11:24:56'}
ERROR:root:Error loading data into PostgreSQL: name 'data' is not defined
INFO:root:Received weather data: {'city': 'Winnipeg', 'temperature': 21.75, 'humidity': 87, 'wind_speed': 9.2, 'received_at': '2024-02-06 11:25:01'}
ERROR:root:Error loading data into PostgreSQL: name 'data' is not defined
INFO:root:Received weather data: {'city': 'Vancouver', 'temperature': -19.44, 'humidity': 28, 'wind_speed': 11.6, 'received_at': '2024-02-06 11:25:01'}
ERROR:root:Error loading data into PostgreSQL: name 'data' is not defined
INFO:root:Received weather data: {'city': 'Winnipeg', 'temperature': -11.57, 'humidity': 16, 'wind_speed': 4.18, 'received_at': '2024-02-06 11:25:06'}
ERROR:root:Error loading data into PostgreSQL: name 'data' is not defined
INFO:root:Received weather data: {'city': 'Vancouver', 'temperature': -15.68, 'humidity': 81, 'wind_speed': 9.21, 'received_at': '2024-02-06 11:25:06'}
ERROR:root:Error loading data into PostgreSQL: name 'data' is not defined
INFO:root:Received weather data: {'city': 'Winnipeg', 'temperature': 8.46, 'humidity': 47, 'wind_speed': 5.49, 'received_at': '2024-02-06 11:25:11'}
ERROR:root:Error loading data into PostgreSQL: name 'data' is not defined
INFO:root:Received weather data: {'city': 'Vancouver', 'temperature': 25.33, 'humidity': 91, 'wind_speed': 5.89, 'received_at': '2024-02-06 11:25:11'}
ERROR:root:Error loading data into PostgreSQL: name 'data' is not defined
INFO:root:Received weather data: {'city': 'Winnipeg', 'temperature': 9.14, 'humidity': 85, 'wind_speed': 11.31, 'received_at': '2024-02-06 11:25:16'}
ERROR:root:Error loading data into PostgreSQL: name 'data' is not defined
INFO:root:Received weather data: {'city': 'Vancouver', 'temperature': 22.78, 'humidity': 64, 'wind_speed': 2.28, 'received_at': '2024-02-06 11:25:16'}
ERROR:root:Error loading data into PostgreSQL: name 'data' is not defined
INFO:root:Received weather data: {'city': 'Winnipeg', 'temperature': 6.65, 'humidity': 53, 'wind_speed': 11.18, 'received_at': '2024-02-06 11:25:21'}
ERROR:root:Error loading data into PostgreSQL: name 'data' is not defined
INFO:root:Received weather data: {'city': 'Vancouver', 'temperature': -0.68, 'humidity': 100, 'wind_speed': 12.25, 'received_at': '2024-02-06 11:25:21'}
ERROR:root:Error loading data into PostgreSQL: name 'data' is not defined
INFO:root:Received weather data: {'city': 'Winnipeg', 'temperature': 2.65, 'humidity': 24, 'wind_speed': 8.65, 'received_at': '2024-02-06 11:25:26'}
ERROR:root:Error loading data into PostgreSQL: name 'data' is not defined
INFO:root:Received weather data: {'city': 'Vancouver', 'temperature': -1.01, 'humidity': 85, 'wind_speed': 3.43, 'received_at': '2024-02-06 11:25:26'}
ERROR:root:Error loading data into PostgreSQL: name 'data' is not defined
INFO:root:Received weather data: {'city': 'Winnipeg', 'temperature': -6.32, 'humidity': 39, 'wind_speed': 14.34, 'received_at': '2024-02-06 11:25:31'}
ERROR:root:Error loading data into PostgreSQL: name 'data' is not defined
INFO:root:Received weather data: {'city': 'Vancouver', 'temperature': -8.98, 'humidity': 100, 'wind_speed': 8.9, 'received_at': '2024-02-06 11:25:31'}
ERROR:root:Error loading data into PostgreSQL: name 'data' is not defined
INFO:root:Received weather data: {'city': 'Winnipeg', 'temperature': 5.66, 'humidity': 93, 'wind_speed': 5.2, 'received_at': '2024-02-06 11:25:36'}
ERROR:root:Error loading data into PostgreSQL: name 'data' is not defined
INFO:root:Received weather data: {'city': 'Vancouver', 'temperature': 2.77, 'humidity': 33, 'wind_speed': 11.66, 'received_at': '2024-02-06 11:25:36'}
ERROR:root:Error loading data into PostgreSQL: name 'data' is not defined
INFO:root:Received weather data: {'city': 'Winnipeg', 'temperature': 25.97, 'humidity': 40, 'wind_speed': 9.79, 'received_at': '2024-02-06 11:25:41'}
ERROR:root:Error loading data into PostgreSQL: name 'data' is not defined
INFO:root:Received weather data: {'city': 'Vancouver', 'temperature': -14.61, 'humidity': 24, 'wind_speed': 1.85, 'received_at': '2024-02-06 11:25:41'}
ERROR:root:Error loading data into PostgreSQL: name 'data' is not defined
INFO:root:Received weather data: {'city': 'Winnipeg', 'temperature': 4.62, 'humidity': 12, 'wind_speed': 11.23, 'received_at': '2024-02-06 11:25:46'}
ERROR:root:Error loading data into PostgreSQL: name 'data' is not defined
INFO:root:Received weather data: {'city': 'Vancouver', 'temperature': 28.58, 'humidity': 72, 'wind_speed': 6.02, 'received_at': '2024-02-06 11:25:46'}
ERROR:root:Error loading data into PostgreSQL: name 'data' is not defined
INFO:root:Received weather data: {'city': 'Winnipeg', 'temperature': -16.97, 'humidity': 52, 'wind_speed': 5.92, 'received_at': '2024-02-06 11:25:51'}
ERROR:root:Error loading data into PostgreSQL: name 'data' is not defined
INFO:root:Received weather data: {'city': 'Vancouver', 'temperature': 27.53, 'humidity': 25, 'wind_speed': 1.0, 'received_at': '2024-02-06 11:25:51'}
ERROR:root:Error loading data into PostgreSQL: name 'data' is not defined
INFO:root:Received weather data: {'city': 'Winnipeg', 'temperature': 27.16, 'humidity': 99, 'wind_speed': 7.67, 'received_at': '2024-02-06 11:25:56'}
ERROR:root:Error loading data into PostgreSQL: name 'data' is not defined
INFO:root:Received weather data: {'city': 'Vancouver', 'temperature': -18.97, 'humidity': 23, 'wind_speed': 8.69, 'received_at': '2024-02-06 11:25:56'}
ERROR:root:Error loading data into PostgreSQL: name 'data' is not defined
INFO:root:Received weather data: {'city': 'Winnipeg', 'temperature': 22.29, 'humidity': 35, 'wind_speed': 6.25, 'received_at': '2024-02-06 11:26:01'}
ERROR:root:Error loading data into PostgreSQL: name 'data' is not defined
INFO:root:Received weather data: {'city': 'Vancouver', 'temperature': 21.49, 'humidity': 58, 'wind_speed': 6.55, 'received_at': '2024-02-06 11:26:01'}
ERROR:root:Error loading data into PostgreSQL: name 'data' is not defined
INFO:root:Received weather data: {'city': 'Winnipeg', 'temperature': 7.34, 'humidity': 88, 'wind_speed': 2.82, 'received_at': '2024-02-06 11:26:06'}
ERROR:root:Error loading data into PostgreSQL: name 'data' is not defined
INFO:root:Received weather data: {'city': 'Vancouver', 'temperature': 28.26, 'humidity': 97, 'wind_speed': 1.87, 'received_at': '2024-02-06 11:26:06'}
ERROR:root:Error loading data into PostgreSQL: name 'data' is not defined
INFO:root:Received weather data: {'city': 'Winnipeg', 'temperature': -0.29, 'humidity': 21, 'wind_speed': 8.23, 'received_at': '2024-02-06 11:26:11'}
ERROR:root:Error loading data into PostgreSQL: name 'data' is not defined
INFO:root:Received weather data: {'city': 'Vancouver', 'temperature': 3.46, 'humidity': 48, 'wind_speed': 4.47, 'received_at': '2024-02-06 11:26:11'}
ERROR:root:Error loading data into PostgreSQL: name 'data' is not defined
INFO:root:Received weather data: {'city': 'Winnipeg', 'temperature': -9.33, 'humidity': 48, 'wind_speed': 6.92, 'received_at': '2024-02-06 11:26:16'}
ERROR:root:Error loading data into PostgreSQL: name 'data' is not defined
INFO:root:Received weather data: {'city': 'Vancouver', 'temperature': -3.91, 'humidity': 84, 'wind_speed': 2.35, 'received_at': '2024-02-06 11:26:16'}
ERROR:root:Error loading data into PostgreSQL: name 'data' is not defined
INFO:root:Received weather data: {'city': 'Winnipeg', 'temperature': -17.38, 'humidity': 18, 'wind_speed': 9.7, 'received_at': '2024-02-06 11:26:21'}
ERROR:root:Error loading data into PostgreSQL: name 'data' is not defined
INFO:root:Received weather data: {'city': 'Vancouver', 'temperature': 12.69, 'humidity': 23, 'wind_speed': 12.34, 'received_at': '2024-02-06 11:26:21'}
ERROR:root:Error loading data into PostgreSQL: name 'data' is not defined
INFO:root:Received weather data: {'city': 'Winnipeg', 'temperature': 11.63, 'humidity': 28, 'wind_speed': 12.89, 'received_at': '2024-02-06 11:26:26'}
ERROR:root:Error loading data into PostgreSQL: name 'data' is not defined
INFO:root:Received weather data: {'city': 'Vancouver', 'temperature': -10.32, 'humidity': 50, 'wind_speed': 11.1, 'received_at': '2024-02-06 11:26:26'}
ERROR:root:Error loading data into PostgreSQL: name 'data' is not defined
INFO:root:Received weather data: {'city': 'Winnipeg', 'temperature': -6.66, 'humidity': 92, 'wind_speed': 8.99, 'received_at': '2024-02-06 11:26:31'}
ERROR:root:Error loading data into PostgreSQL: name 'data' is not defined
INFO:root:Received weather data: {'city': 'Vancouver', 'temperature': -12.96, 'humidity': 80, 'wind_speed': 9.67, 'received_at': '2024-02-06 11:26:31'}
ERROR:root:Error loading data into PostgreSQL: name 'data' is not defined
INFO:root:Received weather data: {'city': 'Winnipeg', 'temperature': 25.09, 'humidity': 36, 'wind_speed': 8.46, 'received_at': '2024-02-06 11:26:36'}
ERROR:root:Error loading data into PostgreSQL: name 'data' is not defined
INFO:root:Received weather data: {'city': 'Vancouver', 'temperature': 21.05, 'humidity': 40, 'wind_speed': 5.87, 'received_at': '2024-02-06 11:26:36'}
ERROR:root:Error loading data into PostgreSQL: name 'data' is not defined
INFO:root:Received weather data: {'city': 'Winnipeg', 'temperature': 15.75, 'humidity': 40, 'wind_speed': 7.6, 'received_at': '2024-02-06 11:26:41'}
ERROR:root:Error loading data into PostgreSQL: name 'data' is not defined
INFO:root:Received weather data: {'city': 'Vancouver', 'temperature': 0.98, 'humidity': 45, 'wind_speed': 1.68, 'received_at': '2024-02-06 11:26:41'}
ERROR:root:Error loading data into PostgreSQL: name 'data' is not defined
INFO:root:Received weather data: {'city': 'Winnipeg', 'temperature': 16.48, 'humidity': 62, 'wind_speed': 0.41, 'received_at': '2024-02-06 11:26:46'}
ERROR:root:Error loading data into PostgreSQL: name 'data' is not defined
INFO:root:Received weather data: {'city': 'Vancouver', 'temperature': 4.56, 'humidity': 36, 'wind_speed': 6.59, 'received_at': '2024-02-06 11:26:46'}
ERROR:root:Error loading data into PostgreSQL: name 'data' is not defined
INFO:root:Received weather data: {'city': 'Winnipeg', 'temperature': 2.45, 'humidity': 10, 'wind_speed': 9.66, 'received_at': '2024-02-06 11:26:51'}
ERROR:root:Error loading data into PostgreSQL: name 'data' is not defined
INFO:root:Received weather data: {'city': 'Vancouver', 'temperature': -4.56, 'humidity': 66, 'wind_speed': 5.7, 'received_at': '2024-02-06 11:26:51'}
ERROR:root:Error loading data into PostgreSQL: name 'data' is not defined
INFO:root:Received weather data: {'city': 'Winnipeg', 'temperature': 8.4, 'humidity': 95, 'wind_speed': 7.85, 'received_at': '2024-02-06 11:26:56'}
ERROR:root:Error loading data into PostgreSQL: name 'data' is not defined
INFO:root:Received weather data: {'city': 'Vancouver', 'temperature': 13.52, 'humidity': 54, 'wind_speed': 0.98, 'received_at': '2024-02-06 11:26:56'}
ERROR:root:Error loading data into PostgreSQL: name 'data' is not defined
INFO:root:Received weather data: {'city': 'Winnipeg', 'temperature': 19.77, 'humidity': 11, 'wind_speed': 5.19, 'received_at': '2024-02-06 11:27:01'}
ERROR:root:Error loading data into PostgreSQL: name 'data' is not defined
INFO:root:Received weather data: {'city': 'Vancouver', 'temperature': -9.41, 'humidity': 25, 'wind_speed': 7.86, 'received_at': '2024-02-06 11:27:01'}
ERROR:root:Error loading data into PostgreSQL: name 'data' is not defined
INFO:root:Received weather data: {'city': 'Winnipeg', 'temperature': -19.33, 'humidity': 22, 'wind_speed': 5.37, 'received_at': '2024-02-06 11:27:06'}
ERROR:root:Error loading data into PostgreSQL: name 'data' is not defined
INFO:root:Received weather data: {'city': 'Vancouver', 'temperature': 17.71, 'humidity': 66, 'wind_speed': 5.37, 'received_at': '2024-02-06 11:27:06'}
ERROR:root:Error loading data into PostgreSQL: name 'data' is not defined
INFO:root:Received weather data: {'city': 'Winnipeg', 'temperature': 5.84, 'humidity': 46, 'wind_speed': 8.12, 'received_at': '2024-02-06 11:27:11'}
ERROR:root:Error loading data into PostgreSQL: name 'data' is not defined
INFO:root:Received weather data: {'city': 'Vancouver', 'temperature': -12.54, 'humidity': 50, 'wind_speed': 13.36, 'received_at': '2024-02-06 11:27:11'}
ERROR:root:Error loading data into PostgreSQL: name 'data' is not defined
INFO:root:Received weather data: {'city': 'Winnipeg', 'temperature': 24.18, 'humidity': 68, 'wind_speed': 4.57, 'received_at': '2024-02-06 11:27:16'}
ERROR:root:Error loading data into PostgreSQL: name 'data' is not defined
INFO:root:Received weather data: {'city': 'Vancouver', 'temperature': -6.53, 'humidity': 93, 'wind_speed': 11.52, 'received_at': '2024-02-06 11:27:16'}
ERROR:root:Error loading data into PostgreSQL: name 'data' is not defined
INFO:root:Received weather data: {'city': 'Winnipeg', 'temperature': -4.5, 'humidity': 89, 'wind_speed': 2.57, 'received_at': '2024-02-06 11:27:21'}
ERROR:root:Error loading data into PostgreSQL: name 'data' is not defined
INFO:root:Received weather data: {'city': 'Vancouver', 'temperature': 28.76, 'humidity': 13, 'wind_speed': 0.22, 'received_at': '2024-02-06 11:27:21'}
ERROR:root:Error loading data into PostgreSQL: name 'data' is not defined
INFO:root:Received weather data: {'city': 'Winnipeg', 'temperature': -7.34, 'humidity': 13, 'wind_speed': 2.22, 'received_at': '2024-02-06 11:27:26'}
ERROR:root:Error loading data into PostgreSQL: name 'data' is not defined
INFO:root:Received weather data: {'city': 'Vancouver', 'temperature': -12.41, 'humidity': 47, 'wind_speed': 11.63, 'received_at': '2024-02-06 11:27:26'}
ERROR:root:Error loading data into PostgreSQL: name 'data' is not defined
INFO:root:Received weather data: {'city': 'Winnipeg', 'temperature': -9.88, 'humidity': 73, 'wind_speed': 5.3, 'received_at': '2024-02-06 11:27:31'}
ERROR:root:Error loading data into PostgreSQL: name 'data' is not defined
INFO:root:Received weather data: {'city': 'Vancouver', 'temperature': 13.96, 'humidity': 67, 'wind_speed': 14.94, 'received_at': '2024-02-06 11:27:31'}
ERROR:root:Error loading data into PostgreSQL: name 'data' is not defined
INFO:root:Received weather data: {'city': 'Winnipeg', 'temperature': 22.77, 'humidity': 33, 'wind_speed': 12.5, 'received_at': '2024-02-06 11:27:36'}
ERROR:root:Error loading data into PostgreSQL: name 'data' is not defined
INFO:root:Received weather data: {'city': 'Vancouver', 'temperature': -19.66, 'humidity': 24, 'wind_speed': 13.85, 'received_at': '2024-02-06 11:27:36'}
ERROR:root:Error loading data into PostgreSQL: name 'data' is not defined
INFO:root:Received weather data: {'city': 'Winnipeg', 'temperature': 13.88, 'humidity': 50, 'wind_speed': 13.34, 'received_at': '2024-02-06 11:27:41'}
ERROR:root:Error loading data into PostgreSQL: name 'data' is not defined
INFO:root:Received weather data: {'city': 'Vancouver', 'temperature': -0.75, 'humidity': 40, 'wind_speed': 13.86, 'received_at': '2024-02-06 11:27:41'}
ERROR:root:Error loading data into PostgreSQL: name 'data' is not defined
INFO:root:Received weather data: {'city': 'Winnipeg', 'temperature': -1.9, 'humidity': 42, 'wind_speed': 8.67, 'received_at': '2024-02-06 11:27:46'}
ERROR:root:Error loading data into PostgreSQL: name 'data' is not defined
INFO:root:Received weather data: {'city': 'Vancouver', 'temperature': -1.03, 'humidity': 64, 'wind_speed': 7.7, 'received_at': '2024-02-06 11:27:46'}
ERROR:root:Error loading data into PostgreSQL: name 'data' is not defined
INFO:root:Received weather data: {'city': 'Winnipeg', 'temperature': 25.24, 'humidity': 71, 'wind_speed': 14.05, 'received_at': '2024-02-06 11:27:51'}
ERROR:root:Error loading data into PostgreSQL: name 'data' is not defined
INFO:root:Received weather data: {'city': 'Vancouver', 'temperature': -12.49, 'humidity': 85, 'wind_speed': 0.7, 'received_at': '2024-02-06 11:27:51'}
ERROR:root:Error loading data into PostgreSQL: name 'data' is not defined
INFO:root:Received weather data: {'city': 'Winnipeg', 'temperature': 6.06, 'humidity': 74, 'wind_speed': 4.91, 'received_at': '2024-02-06 11:27:56'}
ERROR:root:Error loading data into PostgreSQL: name 'data' is not defined
INFO:root:Received weather data: {'city': 'Vancouver', 'temperature': -5.06, 'humidity': 89, 'wind_speed': 10.62, 'received_at': '2024-02-06 11:27:56'}
ERROR:root:Error loading data into PostgreSQL: name 'data' is not defined
INFO:root:Received weather data: {'city': 'Winnipeg', 'temperature': 16.57, 'humidity': 51, 'wind_speed': 2.95, 'received_at': '2024-02-06 11:28:01'}
ERROR:root:Error loading data into PostgreSQL: name 'data' is not defined
INFO:root:Received weather data: {'city': 'Vancouver', 'temperature': -14.9, 'humidity': 96, 'wind_speed': 13.15, 'received_at': '2024-02-06 11:28:01'}
ERROR:root:Error loading data into PostgreSQL: name 'data' is not defined
INFO:root:Received weather data: {'city': 'Winnipeg', 'temperature': 2.43, 'humidity': 65, 'wind_speed': 4.2, 'received_at': '2024-02-06 11:28:06'}
ERROR:root:Error loading data into PostgreSQL: name 'data' is not defined
INFO:root:Received weather data: {'city': 'Vancouver', 'temperature': -14.27, 'humidity': 85, 'wind_speed': 13.42, 'received_at': '2024-02-06 11:28:06'}
ERROR:root:Error loading data into PostgreSQL: name 'data' is not defined
INFO:root:Received weather data: {'city': 'Winnipeg', 'temperature': -17.07, 'humidity': 30, 'wind_speed': 8.3, 'received_at': '2024-02-06 11:28:11'}
ERROR:root:Error loading data into PostgreSQL: name 'data' is not defined
INFO:root:Received weather data: {'city': 'Vancouver', 'temperature': 27.82, 'humidity': 87, 'wind_speed': 6.68, 'received_at': '2024-02-06 11:28:11'}
ERROR:root:Error loading data into PostgreSQL: name 'data' is not defined
INFO:root:Received weather data: {'city': 'Winnipeg', 'temperature': 24.61, 'humidity': 84, 'wind_speed': 8.39, 'received_at': '2024-02-06 11:28:16'}
ERROR:root:Error loading data into PostgreSQL: name 'data' is not defined
INFO:root:Received weather data: {'city': 'Vancouver', 'temperature': 12.84, 'humidity': 82, 'wind_speed': 2.33, 'received_at': '2024-02-06 11:28:16'}
ERROR:root:Error loading data into PostgreSQL: name 'data' is not defined
INFO:root:Received weather data: {'city': 'Winnipeg', 'temperature': -11.94, 'humidity': 97, 'wind_speed': 12.58, 'received_at': '2024-02-06 11:28:21'}
ERROR:root:Error loading data into PostgreSQL: name 'data' is not defined
INFO:root:Received weather data: {'city': 'Vancouver', 'temperature': -15.45, 'humidity': 90, 'wind_speed': 2.36, 'received_at': '2024-02-06 11:28:21'}
ERROR:root:Error loading data into PostgreSQL: name 'data' is not defined
INFO:root:Received weather data: {'city': 'Winnipeg', 'temperature': 20.63, 'humidity': 64, 'wind_speed': 11.0, 'received_at': '2024-02-06 11:28:26'}
ERROR:root:Error loading data into PostgreSQL: name 'data' is not defined
INFO:root:Received weather data: {'city': 'Vancouver', 'temperature': 18.92, 'humidity': 12, 'wind_speed': 6.58, 'received_at': '2024-02-06 11:28:27'}
ERROR:root:Error loading data into PostgreSQL: name 'data' is not defined
INFO:root:Received weather data: {'city': 'Winnipeg', 'temperature': 7.39, 'humidity': 74, 'wind_speed': 13.82, 'received_at': '2024-02-06 11:28:31'}
ERROR:root:Error loading data into PostgreSQL: name 'data' is not defined
INFO:root:Received weather data: {'city': 'Vancouver', 'temperature': 20.9, 'humidity': 79, 'wind_speed': 14.09, 'received_at': '2024-02-06 11:28:32'}
ERROR:root:Error loading data into PostgreSQL: name 'data' is not defined
INFO:root:Received weather data: {'city': 'Winnipeg', 'temperature': -6.66, 'humidity': 41, 'wind_speed': 3.33, 'received_at': '2024-02-06 11:28:37'}
ERROR:root:Error loading data into PostgreSQL: name 'data' is not defined
INFO:root:Received weather data: {'city': 'Vancouver', 'temperature': -5.39, 'humidity': 16, 'wind_speed': 13.51, 'received_at': '2024-02-06 11:28:37'}
ERROR:root:Error loading data into PostgreSQL: name 'data' is not defined
INFO:root:Received weather data: {'city': 'Winnipeg', 'temperature': 14.74, 'humidity': 91, 'wind_speed': 8.39, 'received_at': '2024-02-06 11:28:42'}
ERROR:root:Error loading data into PostgreSQL: name 'data' is not defined
INFO:root:Received weather data: {'city': 'Vancouver', 'temperature': -8.76, 'humidity': 49, 'wind_speed': 9.28, 'received_at': '2024-02-06 11:28:42'}
ERROR:root:Error loading data into PostgreSQL: name 'data' is not defined
INFO:kafka.coordinator:Stopping heartbeat thread
INFO:kafka.conn:<BrokerConnection node_id=bootstrap-0 host=localhost:9092 <connecting> [IPv4 ('127.0.0.1', 9092)]>: connecting to localhost:9092 [('127.0.0.1', 9092) IPv4]
INFO:kafka.conn:Probing node bootstrap-0 broker version
INFO:kafka.conn:<BrokerConnection node_id=bootstrap-0 host=localhost:9092 <connecting> [IPv4 ('127.0.0.1', 9092)]>: Connection complete.
INFO:kafka.conn:Broker version identified as 2.5.0
INFO:kafka.conn:Set configuration api_version=(2, 5, 0) to skip auto check_version requests on startup
INFO:kafka.consumer.subscription_state:Updating subscribed topics to: ('weather_data_topic',)
INFO:kafka.cluster:Group coordinator for weather-consumer is BrokerMetadata(nodeId='coordinator-0', host='localhost', port=9092, rack=None)
INFO:kafka.coordinator:Discovered coordinator coordinator-0 for group weather-consumer
INFO:kafka.coordinator:Starting new heartbeat thread
INFO:kafka.coordinator.consumer:Revoking previously assigned partitions set() for group weather-consumer
INFO:kafka.conn:<BrokerConnection node_id=coordinator-0 host=localhost:9092 <connecting> [IPv4 ('127.0.0.1', 9092)]>: connecting to localhost:9092 [('127.0.0.1', 9092) IPv4]
INFO:kafka.conn:<BrokerConnection node_id=coordinator-0 host=localhost:9092 <connecting> [IPv4 ('127.0.0.1', 9092)]>: Connection complete.
INFO:kafka.conn:<BrokerConnection node_id=bootstrap-0 host=localhost:9092 <connected> [IPv4 ('127.0.0.1', 9092)]>: Closing connection. 
INFO:kafka.coordinator:(Re-)joining group weather-consumer
INFO:kafka.coordinator:Elected group leader -- performing partition assignments using range
INFO:kafka.conn:<BrokerConnection node_id=0 host=localhost:9092 <connecting> [IPv4 ('127.0.0.1', 9092)]>: connecting to localhost:9092 [('127.0.0.1', 9092) IPv4]
INFO:kafka.conn:<BrokerConnection node_id=0 host=localhost:9092 <connecting> [IPv4 ('127.0.0.1', 9092)]>: Connection complete.
INFO:kafka.coordinator:Successfully joined group weather-consumer with generation 7
INFO:kafka.consumer.subscription_state:Updated partition assignment: [TopicPartition(topic='weather_data_topic', partition=0)]
INFO:kafka.coordinator.consumer:Setting newly assigned partitions {TopicPartition(topic='weather_data_topic', partition=0)} for group weather-consumer
INFO:root:Received weather data: {'city': 'Winnipeg', 'temperature': 14.74, 'humidity': 91, 'wind_speed': 8.39, 'received_at': '2024-02-06 11:29:32'}
INFO:root:Data loaded into PostgreSQL successfully
INFO:root:Received weather data: {'city': 'Vancouver', 'temperature': -8.76, 'humidity': 49, 'wind_speed': 9.28, 'received_at': '2024-02-06 11:29:32'}
INFO:root:Data loaded into PostgreSQL successfully
INFO:root:Received weather data: {'city': 'Winnipeg', 'temperature': 5.16, 'humidity': 98, 'wind_speed': 3.18, 'received_at': '2024-02-06 11:29:32'}
INFO:root:Data loaded into PostgreSQL successfully
INFO:root:Received weather data: {'city': 'Vancouver', 'temperature': 22.29, 'humidity': 37, 'wind_speed': 0.21, 'received_at': '2024-02-06 11:29:32'}
INFO:root:Data loaded into PostgreSQL successfully
INFO:root:Received weather data: {'city': 'Winnipeg', 'temperature': 26.6, 'humidity': 48, 'wind_speed': 2.24, 'received_at': '2024-02-06 11:29:32'}
INFO:root:Data loaded into PostgreSQL successfully
INFO:root:Received weather data: {'city': 'Vancouver', 'temperature': -0.84, 'humidity': 11, 'wind_speed': 2.28, 'received_at': '2024-02-06 11:29:32'}
INFO:root:Data loaded into PostgreSQL successfully
INFO:root:Received weather data: {'city': 'Winnipeg', 'temperature': 2.29, 'humidity': 48, 'wind_speed': 0.33, 'received_at': '2024-02-06 11:29:32'}
INFO:root:Data loaded into PostgreSQL successfully
INFO:root:Received weather data: {'city': 'Vancouver', 'temperature': -8.65, 'humidity': 54, 'wind_speed': 14.46, 'received_at': '2024-02-06 11:29:32'}
INFO:root:Data loaded into PostgreSQL successfully
INFO:root:Received weather data: {'city': 'Winnipeg', 'temperature': 12.87, 'humidity': 75, 'wind_speed': 8.17, 'received_at': '2024-02-06 11:29:32'}
INFO:root:Data loaded into PostgreSQL successfully
INFO:root:Received weather data: {'city': 'Vancouver', 'temperature': -17.81, 'humidity': 23, 'wind_speed': 12.8, 'received_at': '2024-02-06 11:29:32'}
INFO:root:Data loaded into PostgreSQL successfully
INFO:root:Received weather data: {'city': 'Winnipeg', 'temperature': 22.63, 'humidity': 97, 'wind_speed': 2.48, 'received_at': '2024-02-06 11:29:32'}
INFO:root:Data loaded into PostgreSQL successfully
INFO:root:Received weather data: {'city': 'Vancouver', 'temperature': 9.06, 'humidity': 70, 'wind_speed': 10.94, 'received_at': '2024-02-06 11:29:32'}
INFO:root:Data loaded into PostgreSQL successfully
INFO:root:Received weather data: {'city': 'Winnipeg', 'temperature': -0.74, 'humidity': 69, 'wind_speed': 13.55, 'received_at': '2024-02-06 11:29:32'}
INFO:root:Data loaded into PostgreSQL successfully
INFO:root:Received weather data: {'city': 'Vancouver', 'temperature': -3.92, 'humidity': 94, 'wind_speed': 14.55, 'received_at': '2024-02-06 11:29:32'}
INFO:root:Data loaded into PostgreSQL successfully
INFO:root:Received weather data: {'city': 'Winnipeg', 'temperature': -12.28, 'humidity': 70, 'wind_speed': 4.2, 'received_at': '2024-02-06 11:29:32'}
INFO:root:Data loaded into PostgreSQL successfully
INFO:root:Received weather data: {'city': 'Vancouver', 'temperature': 3.84, 'humidity': 53, 'wind_speed': 14.82, 'received_at': '2024-02-06 11:29:32'}
INFO:root:Data loaded into PostgreSQL successfully
INFO:root:Received weather data: {'city': 'Winnipeg', 'temperature': 23.4, 'humidity': 85, 'wind_speed': 3.5, 'received_at': '2024-02-06 11:29:32'}
INFO:root:Data loaded into PostgreSQL successfully
INFO:root:Received weather data: {'city': 'Vancouver', 'temperature': 3.26, 'humidity': 29, 'wind_speed': 4.71, 'received_at': '2024-02-06 11:29:32'}
INFO:root:Data loaded into PostgreSQL successfully
INFO:root:Received weather data: {'city': 'Winnipeg', 'temperature': 14.94, 'humidity': 41, 'wind_speed': 11.71, 'received_at': '2024-02-06 11:29:32'}
INFO:root:Data loaded into PostgreSQL successfully
INFO:root:Received weather data: {'city': 'Vancouver', 'temperature': 14.4, 'humidity': 60, 'wind_speed': 8.64, 'received_at': '2024-02-06 11:29:32'}
INFO:root:Data loaded into PostgreSQL successfully
INFO:root:Received weather data: {'city': 'Winnipeg', 'temperature': 29.46, 'humidity': 94, 'wind_speed': 12.81, 'received_at': '2024-02-06 11:29:32'}
INFO:root:Data loaded into PostgreSQL successfully
INFO:root:Received weather data: {'city': 'Vancouver', 'temperature': 12.81, 'humidity': 68, 'wind_speed': 6.58, 'received_at': '2024-02-06 11:29:32'}
INFO:root:Data loaded into PostgreSQL successfully
INFO:root:Received weather data: {'city': 'Winnipeg', 'temperature': 0.99, 'humidity': 75, 'wind_speed': 5.2, 'received_at': '2024-02-06 11:29:37'}
INFO:root:Data loaded into PostgreSQL successfully
INFO:root:Received weather data: {'city': 'Vancouver', 'temperature': 26.83, 'humidity': 15, 'wind_speed': 8.82, 'received_at': '2024-02-06 11:29:37'}
INFO:root:Data loaded into PostgreSQL successfully
INFO:root:Received weather data: {'city': 'Winnipeg', 'temperature': 7.71, 'humidity': 70, 'wind_speed': 1.37, 'received_at': '2024-02-06 11:29:42'}
INFO:root:Data loaded into PostgreSQL successfully
INFO:root:Received weather data: {'city': 'Vancouver', 'temperature': -7.64, 'humidity': 57, 'wind_speed': 5.84, 'received_at': '2024-02-06 11:29:42'}
INFO:root:Data loaded into PostgreSQL successfully
INFO:root:Received weather data: {'city': 'Winnipeg', 'temperature': -5.19, 'humidity': 71, 'wind_speed': 0.84, 'received_at': '2024-02-06 11:29:47'}
INFO:root:Data loaded into PostgreSQL successfully
INFO:root:Received weather data: {'city': 'Vancouver', 'temperature': -18.98, 'humidity': 64, 'wind_speed': 3.11, 'received_at': '2024-02-06 11:29:47'}
INFO:root:Data loaded into PostgreSQL successfully
INFO:root:Received weather data: {'city': 'Winnipeg', 'temperature': 11.76, 'humidity': 19, 'wind_speed': 14.37, 'received_at': '2024-02-06 11:29:52'}
INFO:root:Data loaded into PostgreSQL successfully
INFO:root:Received weather data: {'city': 'Vancouver', 'temperature': 17.42, 'humidity': 72, 'wind_speed': 11.41, 'received_at': '2024-02-06 11:29:52'}
INFO:root:Data loaded into PostgreSQL successfully
INFO:root:Received weather data: {'city': 'Winnipeg', 'temperature': -18.83, 'humidity': 49, 'wind_speed': 5.4, 'received_at': '2024-02-06 11:29:57'}
INFO:root:Data loaded into PostgreSQL successfully
INFO:root:Received weather data: {'city': 'Vancouver', 'temperature': -4.59, 'humidity': 80, 'wind_speed': 2.38, 'received_at': '2024-02-06 11:29:57'}
INFO:root:Data loaded into PostgreSQL successfully
INFO:root:Received weather data: {'city': 'Winnipeg', 'temperature': 15.87, 'humidity': 93, 'wind_speed': 1.89, 'received_at': '2024-02-06 11:30:02'}
INFO:root:Data loaded into PostgreSQL successfully
INFO:root:Received weather data: {'city': 'Vancouver', 'temperature': 14.25, 'humidity': 60, 'wind_speed': 13.37, 'received_at': '2024-02-06 11:30:02'}
INFO:root:Data loaded into PostgreSQL successfully
INFO:root:Received weather data: {'city': 'Winnipeg', 'temperature': 17.82, 'humidity': 46, 'wind_speed': 8.6, 'received_at': '2024-02-06 11:30:07'}
INFO:root:Data loaded into PostgreSQL successfully
INFO:root:Received weather data: {'city': 'Vancouver', 'temperature': -4.38, 'humidity': 72, 'wind_speed': 11.78, 'received_at': '2024-02-06 11:30:07'}
INFO:root:Data loaded into PostgreSQL successfully
INFO:root:Received weather data: {'city': 'Winnipeg', 'temperature': 1.16, 'humidity': 83, 'wind_speed': 4.95, 'received_at': '2024-02-06 11:30:12'}
INFO:root:Data loaded into PostgreSQL successfully
INFO:root:Received weather data: {'city': 'Vancouver', 'temperature': 16.36, 'humidity': 46, 'wind_speed': 5.1, 'received_at': '2024-02-06 11:30:12'}
INFO:root:Data loaded into PostgreSQL successfully
INFO:root:Received weather data: {'city': 'Winnipeg', 'temperature': 14.1, 'humidity': 11, 'wind_speed': 7.22, 'received_at': '2024-02-06 11:30:17'}
INFO:root:Data loaded into PostgreSQL successfully
INFO:root:Received weather data: {'city': 'Vancouver', 'temperature': 4.4, 'humidity': 97, 'wind_speed': 0.79, 'received_at': '2024-02-06 11:30:17'}
INFO:root:Data loaded into PostgreSQL successfully
INFO:root:Received weather data: {'city': 'Winnipeg', 'temperature': 8.31, 'humidity': 89, 'wind_speed': 4.36, 'received_at': '2024-02-06 11:30:22'}
INFO:root:Data loaded into PostgreSQL successfully
INFO:root:Received weather data: {'city': 'Vancouver', 'temperature': -2.07, 'humidity': 71, 'wind_speed': 14.25, 'received_at': '2024-02-06 11:30:22'}
INFO:root:Data loaded into PostgreSQL successfully
INFO:root:Received weather data: {'city': 'Winnipeg', 'temperature': 12.27, 'humidity': 19, 'wind_speed': 8.27, 'received_at': '2024-02-06 11:30:27'}
INFO:root:Data loaded into PostgreSQL successfully
INFO:root:Received weather data: {'city': 'Vancouver', 'temperature': 26.47, 'humidity': 13, 'wind_speed': 5.47, 'received_at': '2024-02-06 11:30:27'}
INFO:root:Data loaded into PostgreSQL successfully
INFO:root:Received weather data: {'city': 'Winnipeg', 'temperature': -11.34, 'humidity': 38, 'wind_speed': 14.6, 'received_at': '2024-02-06 11:30:32'}
INFO:root:Data loaded into PostgreSQL successfully
INFO:root:Received weather data: {'city': 'Vancouver', 'temperature': 1.04, 'humidity': 31, 'wind_speed': 3.08, 'received_at': '2024-02-06 11:30:32'}
INFO:root:Data loaded into PostgreSQL successfully
INFO:root:Received weather data: {'city': 'Winnipeg', 'temperature': 14.53, 'humidity': 62, 'wind_speed': 12.47, 'received_at': '2024-02-06 11:30:37'}
INFO:root:Data loaded into PostgreSQL successfully
INFO:root:Received weather data: {'city': 'Vancouver', 'temperature': -18.44, 'humidity': 59, 'wind_speed': 14.7, 'received_at': '2024-02-06 11:30:37'}
INFO:root:Data loaded into PostgreSQL successfully
INFO:root:Received weather data: {'city': 'Winnipeg', 'temperature': 7.67, 'humidity': 25, 'wind_speed': 8.3, 'received_at': '2024-02-06 11:30:42'}
INFO:root:Data loaded into PostgreSQL successfully
INFO:root:Received weather data: {'city': 'Vancouver', 'temperature': 22.24, 'humidity': 22, 'wind_speed': 2.83, 'received_at': '2024-02-06 11:30:42'}
INFO:root:Data loaded into PostgreSQL successfully
INFO:root:Received weather data: {'city': 'Winnipeg', 'temperature': 5.81, 'humidity': 22, 'wind_speed': 12.84, 'received_at': '2024-02-06 11:30:47'}
INFO:root:Data loaded into PostgreSQL successfully
INFO:root:Received weather data: {'city': 'Vancouver', 'temperature': 26.25, 'humidity': 75, 'wind_speed': 7.01, 'received_at': '2024-02-06 11:30:47'}
INFO:root:Data loaded into PostgreSQL successfully
INFO:root:Received weather data: {'city': 'Winnipeg', 'temperature': 19.29, 'humidity': 94, 'wind_speed': 13.92, 'received_at': '2024-02-06 11:30:52'}
INFO:root:Data loaded into PostgreSQL successfully
INFO:root:Received weather data: {'city': 'Vancouver', 'temperature': 8.99, 'humidity': 15, 'wind_speed': 7.79, 'received_at': '2024-02-06 11:30:52'}
INFO:root:Data loaded into PostgreSQL successfully
INFO:root:Received weather data: {'city': 'Winnipeg', 'temperature': -10.91, 'humidity': 43, 'wind_speed': 7.95, 'received_at': '2024-02-06 11:30:57'}
INFO:root:Data loaded into PostgreSQL successfully
INFO:root:Received weather data: {'city': 'Vancouver', 'temperature': -16.49, 'humidity': 33, 'wind_speed': 0.05, 'received_at': '2024-02-06 11:30:57'}
INFO:root:Data loaded into PostgreSQL successfully
INFO:root:Received weather data: {'city': 'Winnipeg', 'temperature': -17.83, 'humidity': 67, 'wind_speed': 5.21, 'received_at': '2024-02-06 11:31:02'}
INFO:root:Data loaded into PostgreSQL successfully
INFO:root:Received weather data: {'city': 'Vancouver', 'temperature': -16.36, 'humidity': 95, 'wind_speed': 5.53, 'received_at': '2024-02-06 11:31:02'}
INFO:root:Data loaded into PostgreSQL successfully
INFO:root:Received weather data: {'city': 'Winnipeg', 'temperature': 1.3, 'humidity': 62, 'wind_speed': 3.01, 'received_at': '2024-02-06 11:31:07'}
INFO:root:Data loaded into PostgreSQL successfully
INFO:root:Received weather data: {'city': 'Vancouver', 'temperature': 14.89, 'humidity': 86, 'wind_speed': 12.07, 'received_at': '2024-02-06 11:31:07'}
INFO:root:Data loaded into PostgreSQL successfully
INFO:root:Received weather data: {'city': 'Winnipeg', 'temperature': -0.82, 'humidity': 98, 'wind_speed': 4.04, 'received_at': '2024-02-06 11:31:12'}
INFO:root:Data loaded into PostgreSQL successfully
INFO:root:Received weather data: {'city': 'Vancouver', 'temperature': -6.49, 'humidity': 41, 'wind_speed': 8.58, 'received_at': '2024-02-06 11:31:12'}
INFO:root:Data loaded into PostgreSQL successfully
INFO:root:Received weather data: {'city': 'Winnipeg', 'temperature': 17.79, 'humidity': 98, 'wind_speed': 13.02, 'received_at': '2024-02-06 11:31:17'}
INFO:root:Data loaded into PostgreSQL successfully
INFO:root:Received weather data: {'city': 'Vancouver', 'temperature': 3.45, 'humidity': 40, 'wind_speed': 5.65, 'received_at': '2024-02-06 11:31:17'}
INFO:root:Data loaded into PostgreSQL successfully
INFO:root:Received weather data: {'city': 'Winnipeg', 'temperature': -0.92, 'humidity': 45, 'wind_speed': 1.28, 'received_at': '2024-02-06 11:31:22'}
INFO:root:Data loaded into PostgreSQL successfully
INFO:root:Received weather data: {'city': 'Vancouver', 'temperature': 25.39, 'humidity': 57, 'wind_speed': 3.38, 'received_at': '2024-02-06 11:31:22'}
INFO:root:Data loaded into PostgreSQL successfully
INFO:root:Received weather data: {'city': 'Winnipeg', 'temperature': -15.94, 'humidity': 54, 'wind_speed': 0.71, 'received_at': '2024-02-06 11:31:27'}
INFO:root:Data loaded into PostgreSQL successfully
INFO:root:Received weather data: {'city': 'Vancouver', 'temperature': 22.12, 'humidity': 22, 'wind_speed': 14.5, 'received_at': '2024-02-06 11:31:27'}
INFO:root:Data loaded into PostgreSQL successfully
INFO:root:Received weather data: {'city': 'Winnipeg', 'temperature': -18.43, 'humidity': 20, 'wind_speed': 9.95, 'received_at': '2024-02-06 11:31:32'}
INFO:root:Data loaded into PostgreSQL successfully
INFO:root:Received weather data: {'city': 'Vancouver', 'temperature': 29.87, 'humidity': 83, 'wind_speed': 0.3, 'received_at': '2024-02-06 11:31:32'}
INFO:root:Data loaded into PostgreSQL successfully
INFO:root:Received weather data: {'city': 'Winnipeg', 'temperature': -11.88, 'humidity': 79, 'wind_speed': 0.32, 'received_at': '2024-02-06 11:31:37'}
INFO:root:Data loaded into PostgreSQL successfully
INFO:root:Received weather data: {'city': 'Vancouver', 'temperature': -8.89, 'humidity': 69, 'wind_speed': 12.11, 'received_at': '2024-02-06 11:31:37'}
INFO:root:Data loaded into PostgreSQL successfully
INFO:root:Received weather data: {'city': 'Winnipeg', 'temperature': 17.6, 'humidity': 18, 'wind_speed': 6.89, 'received_at': '2024-02-06 11:31:42'}
INFO:root:Data loaded into PostgreSQL successfully
INFO:root:Received weather data: {'city': 'Vancouver', 'temperature': 23.4, 'humidity': 30, 'wind_speed': 5.33, 'received_at': '2024-02-06 11:31:42'}
INFO:root:Data loaded into PostgreSQL successfully
INFO:root:Received weather data: {'city': 'Winnipeg', 'temperature': -0.13, 'humidity': 73, 'wind_speed': 0.16, 'received_at': '2024-02-06 11:31:47'}
INFO:root:Data loaded into PostgreSQL successfully
INFO:root:Received weather data: {'city': 'Vancouver', 'temperature': 28.43, 'humidity': 54, 'wind_speed': 14.98, 'received_at': '2024-02-06 11:31:47'}
INFO:root:Data loaded into PostgreSQL successfully
INFO:root:Received weather data: {'city': 'Winnipeg', 'temperature': -18.69, 'humidity': 57, 'wind_speed': 2.22, 'received_at': '2024-02-06 11:31:52'}
INFO:root:Data loaded into PostgreSQL successfully
INFO:root:Received weather data: {'city': 'Vancouver', 'temperature': 1.16, 'humidity': 68, 'wind_speed': 1.45, 'received_at': '2024-02-06 11:31:52'}
INFO:root:Data loaded into PostgreSQL successfully
INFO:root:Received weather data: {'city': 'Winnipeg', 'temperature': -0.98, 'humidity': 30, 'wind_speed': 13.3, 'received_at': '2024-02-06 11:31:57'}
INFO:root:Data loaded into PostgreSQL successfully
INFO:root:Received weather data: {'city': 'Vancouver', 'temperature': 7.5, 'humidity': 86, 'wind_speed': 3.41, 'received_at': '2024-02-06 11:31:57'}
INFO:root:Data loaded into PostgreSQL successfully
INFO:root:Received weather data: {'city': 'Winnipeg', 'temperature': -1.22, 'humidity': 79, 'wind_speed': 11.15, 'received_at': '2024-02-06 11:32:02'}
INFO:root:Data loaded into PostgreSQL successfully
INFO:root:Received weather data: {'city': 'Vancouver', 'temperature': -18.88, 'humidity': 54, 'wind_speed': 11.31, 'received_at': '2024-02-06 11:32:02'}
INFO:root:Data loaded into PostgreSQL successfully
INFO:root:Received weather data: {'city': 'Winnipeg', 'temperature': -15.37, 'humidity': 64, 'wind_speed': 8.06, 'received_at': '2024-02-06 11:32:07'}
INFO:root:Data loaded into PostgreSQL successfully
INFO:root:Received weather data: {'city': 'Vancouver', 'temperature': -19.54, 'humidity': 77, 'wind_speed': 13.5, 'received_at': '2024-02-06 11:32:07'}
INFO:root:Data loaded into PostgreSQL successfully
INFO:root:Received weather data: {'city': 'Winnipeg', 'temperature': -19.38, 'humidity': 82, 'wind_speed': 2.34, 'received_at': '2024-02-06 11:32:12'}
INFO:root:Data loaded into PostgreSQL successfully
INFO:root:Received weather data: {'city': 'Vancouver', 'temperature': -9.91, 'humidity': 100, 'wind_speed': 12.85, 'received_at': '2024-02-06 11:32:12'}
INFO:root:Data loaded into PostgreSQL successfully
INFO:root:Received weather data: {'city': 'Winnipeg', 'temperature': -6.32, 'humidity': 55, 'wind_speed': 10.3, 'received_at': '2024-02-06 11:32:17'}
INFO:root:Data loaded into PostgreSQL successfully
INFO:root:Received weather data: {'city': 'Vancouver', 'temperature': 24.75, 'humidity': 76, 'wind_speed': 1.92, 'received_at': '2024-02-06 11:32:17'}
INFO:root:Data loaded into PostgreSQL successfully
INFO:root:Received weather data: {'city': 'Winnipeg', 'temperature': -3.37, 'humidity': 11, 'wind_speed': 3.13, 'received_at': '2024-02-06 11:32:22'}
INFO:root:Data loaded into PostgreSQL successfully
INFO:root:Received weather data: {'city': 'Vancouver', 'temperature': -6.32, 'humidity': 100, 'wind_speed': 6.74, 'received_at': '2024-02-06 11:32:22'}
INFO:root:Data loaded into PostgreSQL successfully
INFO:root:Received weather data: {'city': 'Winnipeg', 'temperature': 3.07, 'humidity': 36, 'wind_speed': 3.76, 'received_at': '2024-02-06 11:32:27'}
INFO:root:Data loaded into PostgreSQL successfully
INFO:root:Received weather data: {'city': 'Vancouver', 'temperature': 24.79, 'humidity': 89, 'wind_speed': 3.11, 'received_at': '2024-02-06 11:32:27'}
INFO:root:Data loaded into PostgreSQL successfully
INFO:root:Received weather data: {'city': 'Winnipeg', 'temperature': 13.47, 'humidity': 94, 'wind_speed': 12.94, 'received_at': '2024-02-06 11:32:32'}
INFO:root:Data loaded into PostgreSQL successfully
INFO:root:Received weather data: {'city': 'Vancouver', 'temperature': -7.55, 'humidity': 93, 'wind_speed': 7.14, 'received_at': '2024-02-06 11:32:32'}
INFO:root:Data loaded into PostgreSQL successfully
INFO:root:Received weather data: {'city': 'Winnipeg', 'temperature': -1.22, 'humidity': 26, 'wind_speed': 8.85, 'received_at': '2024-02-06 11:32:37'}
INFO:root:Data loaded into PostgreSQL successfully
INFO:root:Received weather data: {'city': 'Vancouver', 'temperature': 17.79, 'humidity': 51, 'wind_speed': 13.1, 'received_at': '2024-02-06 11:32:37'}
INFO:root:Data loaded into PostgreSQL successfully
INFO:root:Received weather data: {'city': 'Winnipeg', 'temperature': 27.88, 'humidity': 31, 'wind_speed': 13.83, 'received_at': '2024-02-06 11:32:42'}
INFO:root:Data loaded into PostgreSQL successfully
INFO:root:Received weather data: {'city': 'Vancouver', 'temperature': -14.45, 'humidity': 63, 'wind_speed': 5.28, 'received_at': '2024-02-06 11:32:42'}
INFO:root:Data loaded into PostgreSQL successfully
INFO:root:Received weather data: {'city': 'Winnipeg', 'temperature': -10.78, 'humidity': 12, 'wind_speed': 14.73, 'received_at': '2024-02-06 11:32:47'}
INFO:root:Data loaded into PostgreSQL successfully
INFO:root:Received weather data: {'city': 'Vancouver', 'temperature': 15.27, 'humidity': 77, 'wind_speed': 13.59, 'received_at': '2024-02-06 11:32:47'}
INFO:root:Data loaded into PostgreSQL successfully
INFO:root:Received weather data: {'city': 'Winnipeg', 'temperature': 22.36, 'humidity': 58, 'wind_speed': 5.33, 'received_at': '2024-02-06 11:32:52'}
INFO:root:Data loaded into PostgreSQL successfully
INFO:root:Received weather data: {'city': 'Vancouver', 'temperature': 17.79, 'humidity': 12, 'wind_speed': 10.33, 'received_at': '2024-02-06 11:32:52'}
INFO:root:Data loaded into PostgreSQL successfully
INFO:root:Received weather data: {'city': 'Winnipeg', 'temperature': 10.52, 'humidity': 94, 'wind_speed': 8.83, 'received_at': '2024-02-06 11:32:57'}
INFO:root:Data loaded into PostgreSQL successfully
INFO:root:Received weather data: {'city': 'Vancouver', 'temperature': 0.42, 'humidity': 75, 'wind_speed': 13.61, 'received_at': '2024-02-06 11:32:57'}
INFO:root:Data loaded into PostgreSQL successfully
INFO:root:Received weather data: {'city': 'Winnipeg', 'temperature': -1.14, 'humidity': 17, 'wind_speed': 12.63, 'received_at': '2024-02-06 11:33:02'}
INFO:root:Data loaded into PostgreSQL successfully
INFO:root:Received weather data: {'city': 'Vancouver', 'temperature': 10.72, 'humidity': 36, 'wind_speed': 8.08, 'received_at': '2024-02-06 11:33:02'}
INFO:root:Data loaded into PostgreSQL successfully
INFO:root:Received weather data: {'city': 'Winnipeg', 'temperature': 24.22, 'humidity': 97, 'wind_speed': 14.05, 'received_at': '2024-02-06 11:33:07'}
INFO:root:Data loaded into PostgreSQL successfully
INFO:root:Received weather data: {'city': 'Vancouver', 'temperature': -9.23, 'humidity': 89, 'wind_speed': 2.83, 'received_at': '2024-02-06 11:33:07'}
INFO:root:Data loaded into PostgreSQL successfully
INFO:root:Received weather data: {'city': 'Winnipeg', 'temperature': -0.14, 'humidity': 24, 'wind_speed': 0.41, 'received_at': '2024-02-06 11:33:12'}
INFO:root:Data loaded into PostgreSQL successfully
INFO:root:Received weather data: {'city': 'Vancouver', 'temperature': 17.28, 'humidity': 36, 'wind_speed': 10.7, 'received_at': '2024-02-06 11:33:12'}
INFO:root:Data loaded into PostgreSQL successfully
INFO:root:Received weather data: {'city': 'Winnipeg', 'temperature': -7.9, 'humidity': 62, 'wind_speed': 5.31, 'received_at': '2024-02-06 11:33:17'}
INFO:root:Data loaded into PostgreSQL successfully
INFO:root:Received weather data: {'city': 'Vancouver', 'temperature': 10.07, 'humidity': 17, 'wind_speed': 6.45, 'received_at': '2024-02-06 11:33:17'}
INFO:root:Data loaded into PostgreSQL successfully
INFO:root:Received weather data: {'city': 'Winnipeg', 'temperature': 6.81, 'humidity': 16, 'wind_speed': 14.86, 'received_at': '2024-02-06 11:33:22'}
INFO:root:Data loaded into PostgreSQL successfully
INFO:root:Received weather data: {'city': 'Vancouver', 'temperature': -3.3, 'humidity': 85, 'wind_speed': 1.59, 'received_at': '2024-02-06 11:33:22'}
INFO:root:Data loaded into PostgreSQL successfully
INFO:root:Received weather data: {'city': 'Winnipeg', 'temperature': 8.21, 'humidity': 95, 'wind_speed': 0.12, 'received_at': '2024-02-06 11:33:27'}
INFO:root:Data loaded into PostgreSQL successfully
INFO:root:Received weather data: {'city': 'Vancouver', 'temperature': 9.27, 'humidity': 14, 'wind_speed': 8.86, 'received_at': '2024-02-06 11:33:27'}
INFO:root:Data loaded into PostgreSQL successfully
INFO:root:Received weather data: {'city': 'Winnipeg', 'temperature': 5.29, 'humidity': 93, 'wind_speed': 3.08, 'received_at': '2024-02-06 11:33:32'}
INFO:root:Data loaded into PostgreSQL successfully
INFO:root:Received weather data: {'city': 'Vancouver', 'temperature': -15.54, 'humidity': 48, 'wind_speed': 10.39, 'received_at': '2024-02-06 11:33:32'}
INFO:root:Data loaded into PostgreSQL successfully
INFO:root:Received weather data: {'city': 'Winnipeg', 'temperature': -6.72, 'humidity': 66, 'wind_speed': 5.3, 'received_at': '2024-02-06 11:33:37'}
INFO:root:Data loaded into PostgreSQL successfully
INFO:root:Received weather data: {'city': 'Vancouver', 'temperature': 27.69, 'humidity': 33, 'wind_speed': 13.64, 'received_at': '2024-02-06 11:33:37'}
INFO:root:Data loaded into PostgreSQL successfully
INFO:root:Received weather data: {'city': 'Winnipeg', 'temperature': -5.01, 'humidity': 30, 'wind_speed': 5.38, 'received_at': '2024-02-06 11:33:42'}
INFO:root:Data loaded into PostgreSQL successfully
INFO:root:Received weather data: {'city': 'Vancouver', 'temperature': -19.44, 'humidity': 67, 'wind_speed': 5.11, 'received_at': '2024-02-06 11:33:42'}
INFO:root:Data loaded into PostgreSQL successfully
INFO:root:Received weather data: {'city': 'Winnipeg', 'temperature': 14.1, 'humidity': 60, 'wind_speed': 10.94, 'received_at': '2024-02-06 11:33:47'}
INFO:root:Data loaded into PostgreSQL successfully
INFO:root:Received weather data: {'city': 'Vancouver', 'temperature': 13.64, 'humidity': 24, 'wind_speed': 1.64, 'received_at': '2024-02-06 11:33:47'}
INFO:root:Data loaded into PostgreSQL successfully
INFO:root:Received weather data: {'city': 'Winnipeg', 'temperature': 6.51, 'humidity': 26, 'wind_speed': 14.5, 'received_at': '2024-02-06 11:33:52'}
INFO:root:Data loaded into PostgreSQL successfully
INFO:root:Received weather data: {'city': 'Vancouver', 'temperature': -1.05, 'humidity': 32, 'wind_speed': 8.75, 'received_at': '2024-02-06 11:33:52'}
INFO:root:Data loaded into PostgreSQL successfully
INFO:root:Received weather data: {'city': 'Winnipeg', 'temperature': 1.58, 'humidity': 84, 'wind_speed': 12.56, 'received_at': '2024-02-06 11:33:57'}
INFO:root:Data loaded into PostgreSQL successfully
INFO:root:Received weather data: {'city': 'Vancouver', 'temperature': 21.56, 'humidity': 98, 'wind_speed': 6.73, 'received_at': '2024-02-06 11:33:57'}
INFO:root:Data loaded into PostgreSQL successfully
INFO:root:Received weather data: {'city': 'Winnipeg', 'temperature': 9.09, 'humidity': 19, 'wind_speed': 9.06, 'received_at': '2024-02-06 11:34:02'}
INFO:root:Data loaded into PostgreSQL successfully
INFO:root:Received weather data: {'city': 'Vancouver', 'temperature': 22.71, 'humidity': 57, 'wind_speed': 8.12, 'received_at': '2024-02-06 11:34:02'}
INFO:root:Data loaded into PostgreSQL successfully
INFO:root:Received weather data: {'city': 'Winnipeg', 'temperature': 24.33, 'humidity': 48, 'wind_speed': 12.63, 'received_at': '2024-02-06 11:34:07'}
INFO:root:Data loaded into PostgreSQL successfully
INFO:root:Received weather data: {'city': 'Vancouver', 'temperature': 23.26, 'humidity': 95, 'wind_speed': 0.79, 'received_at': '2024-02-06 11:34:07'}
INFO:root:Data loaded into PostgreSQL successfully
INFO:root:Received weather data: {'city': 'Winnipeg', 'temperature': 24.81, 'humidity': 55, 'wind_speed': 4.51, 'received_at': '2024-02-06 11:34:12'}
INFO:root:Data loaded into PostgreSQL successfully
INFO:root:Received weather data: {'city': 'Vancouver', 'temperature': -9.35, 'humidity': 43, 'wind_speed': 13.25, 'received_at': '2024-02-06 11:34:12'}
INFO:root:Data loaded into PostgreSQL successfully
INFO:root:Received weather data: {'city': 'Winnipeg', 'temperature': -18.97, 'humidity': 56, 'wind_speed': 3.71, 'received_at': '2024-02-06 11:34:17'}
INFO:root:Data loaded into PostgreSQL successfully
INFO:root:Received weather data: {'city': 'Vancouver', 'temperature': 12.48, 'humidity': 54, 'wind_speed': 8.82, 'received_at': '2024-02-06 11:34:17'}
INFO:root:Data loaded into PostgreSQL successfully
INFO:root:Received weather data: {'city': 'Winnipeg', 'temperature': -19.31, 'humidity': 30, 'wind_speed': 11.63, 'received_at': '2024-02-06 11:34:22'}
INFO:root:Data loaded into PostgreSQL successfully
INFO:root:Received weather data: {'city': 'Vancouver', 'temperature': 17.18, 'humidity': 17, 'wind_speed': 6.54, 'received_at': '2024-02-06 11:34:22'}
INFO:root:Data loaded into PostgreSQL successfully
INFO:root:Received weather data: {'city': 'Winnipeg', 'temperature': -5.34, 'humidity': 29, 'wind_speed': 13.97, 'received_at': '2024-02-06 11:34:27'}
INFO:root:Data loaded into PostgreSQL successfully
INFO:root:Received weather data: {'city': 'Vancouver', 'temperature': 9.73, 'humidity': 30, 'wind_speed': 8.73, 'received_at': '2024-02-06 11:34:27'}
INFO:root:Data loaded into PostgreSQL successfully
INFO:root:Received weather data: {'city': 'Winnipeg', 'temperature': -8.04, 'humidity': 52, 'wind_speed': 5.49, 'received_at': '2024-02-06 11:34:32'}
INFO:root:Data loaded into PostgreSQL successfully
INFO:root:Received weather data: {'city': 'Vancouver', 'temperature': 8.93, 'humidity': 85, 'wind_speed': 8.62, 'received_at': '2024-02-06 11:34:32'}
INFO:root:Data loaded into PostgreSQL successfully
INFO:root:Received weather data: {'city': 'Winnipeg', 'temperature': 16.97, 'humidity': 95, 'wind_speed': 2.71, 'received_at': '2024-02-06 11:34:37'}
INFO:root:Data loaded into PostgreSQL successfully
INFO:root:Received weather data: {'city': 'Vancouver', 'temperature': -14.78, 'humidity': 47, 'wind_speed': 13.22, 'received_at': '2024-02-06 11:34:37'}
INFO:root:Data loaded into PostgreSQL successfully
INFO:root:Received weather data: {'city': 'Winnipeg', 'temperature': 23.41, 'humidity': 38, 'wind_speed': 11.23, 'received_at': '2024-02-06 11:34:42'}
INFO:root:Data loaded into PostgreSQL successfully
INFO:root:Received weather data: {'city': 'Vancouver', 'temperature': 10.61, 'humidity': 74, 'wind_speed': 1.53, 'received_at': '2024-02-06 11:34:42'}
INFO:root:Data loaded into PostgreSQL successfully
INFO:root:Received weather data: {'city': 'Winnipeg', 'temperature': -1.82, 'humidity': 39, 'wind_speed': 13.26, 'received_at': '2024-02-06 11:34:47'}
INFO:root:Data loaded into PostgreSQL successfully
INFO:root:Received weather data: {'city': 'Vancouver', 'temperature': 23.15, 'humidity': 80, 'wind_speed': 4.36, 'received_at': '2024-02-06 11:34:47'}
INFO:root:Data loaded into PostgreSQL successfully
INFO:root:Received weather data: {'city': 'Winnipeg', 'temperature': -3.61, 'humidity': 32, 'wind_speed': 8.8, 'received_at': '2024-02-06 11:34:52'}
INFO:root:Data loaded into PostgreSQL successfully
INFO:root:Received weather data: {'city': 'Vancouver', 'temperature': 9.48, 'humidity': 22, 'wind_speed': 6.38, 'received_at': '2024-02-06 11:34:52'}
INFO:root:Data loaded into PostgreSQL successfully
INFO:root:Received weather data: {'city': 'Winnipeg', 'temperature': 23.21, 'humidity': 28, 'wind_speed': 3.9, 'received_at': '2024-02-06 11:34:57'}
INFO:root:Data loaded into PostgreSQL successfully
INFO:root:Received weather data: {'city': 'Vancouver', 'temperature': -0.09, 'humidity': 25, 'wind_speed': 11.92, 'received_at': '2024-02-06 11:34:57'}
INFO:root:Data loaded into PostgreSQL successfully
INFO:root:Received weather data: {'city': 'Winnipeg', 'temperature': -4.52, 'humidity': 88, 'wind_speed': 13.19, 'received_at': '2024-02-06 11:35:02'}
INFO:root:Data loaded into PostgreSQL successfully
INFO:root:Received weather data: {'city': 'Vancouver', 'temperature': 19.7, 'humidity': 87, 'wind_speed': 6.45, 'received_at': '2024-02-06 11:35:02'}
INFO:root:Data loaded into PostgreSQL successfully
INFO:root:Received weather data: {'city': 'Winnipeg', 'temperature': -5.43, 'humidity': 71, 'wind_speed': 2.42, 'received_at': '2024-02-06 11:35:07'}
INFO:root:Data loaded into PostgreSQL successfully
INFO:root:Received weather data: {'city': 'Vancouver', 'temperature': 18.31, 'humidity': 40, 'wind_speed': 11.61, 'received_at': '2024-02-06 11:35:07'}
INFO:root:Data loaded into PostgreSQL successfully
ERROR:kafka.conn:<BrokerConnection node_id=0 host=localhost:9092 <connected> [IPv4 ('127.0.0.1', 9092)]>: socket disconnected
INFO:kafka.conn:<BrokerConnection node_id=0 host=localhost:9092 <connected> [IPv4 ('127.0.0.1', 9092)]>: Closing connection. KafkaConnectionError: socket disconnected
WARNING:kafka.client:Node 0 connection failed -- refreshing metadata
ERROR:kafka.consumer.fetcher:Fetch to node 0 failed: KafkaConnectionError: socket disconnected
INFO:kafka.conn:<BrokerConnection node_id=0 host=localhost:9092 <connecting> [IPv4 ('127.0.0.1', 9092)]>: connecting to localhost:9092 [('127.0.0.1', 9092) IPv4]
ERROR:kafka.conn:Connect attempt to <BrokerConnection node_id=0 host=localhost:9092 <connecting> [IPv4 ('127.0.0.1', 9092)]> returned error 111. Disconnecting.
INFO:kafka.conn:<BrokerConnection node_id=0 host=localhost:9092 <connecting> [IPv4 ('127.0.0.1', 9092)]>: Closing connection. KafkaConnectionError: 111 ECONNREFUSED
WARNING:kafka.client:Node 0 connection failed -- refreshing metadata
INFO:kafka.conn:<BrokerConnection node_id=coordinator-0 host=localhost:9092 <connected> [IPv4 ('127.0.0.1', 9092)]>: Closing connection. KafkaConnectionError: Socket EVENT_READ without in-flight-requests
WARNING:kafka.client:Node coordinator-0 connection failed -- refreshing metadata
WARNING:kafka.coordinator:Marking the coordinator dead (node coordinator-0) for group weather-consumer: Node Disconnected.
INFO:kafka.conn:<BrokerConnection node_id=0 host=localhost:9092 <connecting> [IPv4 ('127.0.0.1', 9092)]>: connecting to localhost:9092 [('127.0.0.1', 9092) IPv4]
ERROR:kafka.conn:Connect attempt to <BrokerConnection node_id=0 host=localhost:9092 <connecting> [IPv4 ('127.0.0.1', 9092)]> returned error 111. Disconnecting.
INFO:kafka.conn:<BrokerConnection node_id=0 host=localhost:9092 <connecting> [IPv4 ('127.0.0.1', 9092)]>: Closing connection. KafkaConnectionError: 111 ECONNREFUSED
WARNING:kafka.client:Node 0 connection failed -- refreshing metadata
INFO:kafka.conn:<BrokerConnection node_id=0 host=localhost:9092 <connecting> [IPv4 ('127.0.0.1', 9092)]>: connecting to localhost:9092 [('127.0.0.1', 9092) IPv4]
ERROR:kafka.conn:Connect attempt to <BrokerConnection node_id=0 host=localhost:9092 <connecting> [IPv4 ('127.0.0.1', 9092)]> returned error 111. Disconnecting.
INFO:kafka.conn:<BrokerConnection node_id=0 host=localhost:9092 <connecting> [IPv4 ('127.0.0.1', 9092)]>: Closing connection. KafkaConnectionError: 111 ECONNREFUSED
WARNING:kafka.client:Node 0 connection failed -- refreshing metadata
INFO:kafka.conn:<BrokerConnection node_id=0 host=localhost:9092 <connecting> [IPv4 ('127.0.0.1', 9092)]>: connecting to localhost:9092 [('127.0.0.1', 9092) IPv4]
ERROR:kafka.conn:Connect attempt to <BrokerConnection node_id=0 host=localhost:9092 <connecting> [IPv4 ('127.0.0.1', 9092)]> returned error 111. Disconnecting.
INFO:kafka.conn:<BrokerConnection node_id=0 host=localhost:9092 <connecting> [IPv4 ('127.0.0.1', 9092)]>: Closing connection. KafkaConnectionError: 111 ECONNREFUSED
WARNING:kafka.client:Node 0 connection failed -- refreshing metadata
INFO:kafka.conn:<BrokerConnection node_id=0 host=localhost:9092 <connecting> [IPv4 ('127.0.0.1', 9092)]>: connecting to localhost:9092 [('127.0.0.1', 9092) IPv4]
ERROR:kafka.conn:Connect attempt to <BrokerConnection node_id=0 host=localhost:9092 <connecting> [IPv4 ('127.0.0.1', 9092)]> returned error 111. Disconnecting.
INFO:kafka.conn:<BrokerConnection node_id=0 host=localhost:9092 <connecting> [IPv4 ('127.0.0.1', 9092)]>: Closing connection. KafkaConnectionError: 111 ECONNREFUSED
WARNING:kafka.client:Node 0 connection failed -- refreshing metadata
INFO:kafka.conn:<BrokerConnection node_id=0 host=localhost:9092 <connecting> [IPv4 ('127.0.0.1', 9092)]>: connecting to localhost:9092 [('127.0.0.1', 9092) IPv4]
ERROR:kafka.conn:Connect attempt to <BrokerConnection node_id=0 host=localhost:9092 <connecting> [IPv4 ('127.0.0.1', 9092)]> returned error 111. Disconnecting.
INFO:kafka.conn:<BrokerConnection node_id=0 host=localhost:9092 <connecting> [IPv4 ('127.0.0.1', 9092)]>: Closing connection. KafkaConnectionError: 111 ECONNREFUSED
WARNING:kafka.client:Node 0 connection failed -- refreshing metadata
INFO:kafka.conn:<BrokerConnection node_id=0 host=localhost:9092 <connecting> [IPv4 ('127.0.0.1', 9092)]>: connecting to localhost:9092 [('127.0.0.1', 9092) IPv4]
ERROR:kafka.conn:Connect attempt to <BrokerConnection node_id=0 host=localhost:9092 <connecting> [IPv4 ('127.0.0.1', 9092)]> returned error 111. Disconnecting.
INFO:kafka.conn:<BrokerConnection node_id=0 host=localhost:9092 <connecting> [IPv4 ('127.0.0.1', 9092)]>: Closing connection. KafkaConnectionError: 111 ECONNREFUSED
WARNING:kafka.client:Node 0 connection failed -- refreshing metadata
INFO:kafka.conn:<BrokerConnection node_id=0 host=localhost:9092 <connecting> [IPv4 ('127.0.0.1', 9092)]>: connecting to localhost:9092 [('127.0.0.1', 9092) IPv4]
ERROR:kafka.conn:Connect attempt to <BrokerConnection node_id=0 host=localhost:9092 <connecting> [IPv4 ('127.0.0.1', 9092)]> returned error 111. Disconnecting.
INFO:kafka.conn:<BrokerConnection node_id=0 host=localhost:9092 <connecting> [IPv4 ('127.0.0.1', 9092)]>: Closing connection. KafkaConnectionError: 111 ECONNREFUSED
WARNING:kafka.client:Node 0 connection failed -- refreshing metadata
INFO:kafka.conn:<BrokerConnection node_id=0 host=localhost:9092 <connecting> [IPv4 ('127.0.0.1', 9092)]>: connecting to localhost:9092 [('127.0.0.1', 9092) IPv4]
ERROR:kafka.conn:Connect attempt to <BrokerConnection node_id=0 host=localhost:9092 <connecting> [IPv4 ('127.0.0.1', 9092)]> returned error 111. Disconnecting.
INFO:kafka.conn:<BrokerConnection node_id=0 host=localhost:9092 <connecting> [IPv4 ('127.0.0.1', 9092)]>: Closing connection. KafkaConnectionError: 111 ECONNREFUSED
WARNING:kafka.client:Node 0 connection failed -- refreshing metadata
INFO:kafka.conn:<BrokerConnection node_id=0 host=localhost:9092 <connecting> [IPv4 ('127.0.0.1', 9092)]>: connecting to localhost:9092 [('127.0.0.1', 9092) IPv4]
ERROR:kafka.conn:Connect attempt to <BrokerConnection node_id=0 host=localhost:9092 <connecting> [IPv4 ('127.0.0.1', 9092)]> returned error 111. Disconnecting.
INFO:kafka.conn:<BrokerConnection node_id=0 host=localhost:9092 <connecting> [IPv4 ('127.0.0.1', 9092)]>: Closing connection. KafkaConnectionError: 111 ECONNREFUSED
WARNING:kafka.client:Node 0 connection failed -- refreshing metadata
INFO:kafka.conn:<BrokerConnection node_id=0 host=localhost:9092 <connecting> [IPv4 ('127.0.0.1', 9092)]>: connecting to localhost:9092 [('127.0.0.1', 9092) IPv4]
ERROR:kafka.conn:Connect attempt to <BrokerConnection node_id=0 host=localhost:9092 <connecting> [IPv4 ('127.0.0.1', 9092)]> returned error 111. Disconnecting.
INFO:kafka.conn:<BrokerConnection node_id=0 host=localhost:9092 <connecting> [IPv4 ('127.0.0.1', 9092)]>: Closing connection. KafkaConnectionError: 111 ECONNREFUSED
WARNING:kafka.client:Node 0 connection failed -- refreshing metadata
INFO:kafka.conn:<BrokerConnection node_id=0 host=localhost:9092 <connecting> [IPv4 ('127.0.0.1', 9092)]>: connecting to localhost:9092 [('127.0.0.1', 9092) IPv4]
ERROR:kafka.conn:Connect attempt to <BrokerConnection node_id=0 host=localhost:9092 <connecting> [IPv4 ('127.0.0.1', 9092)]> returned error 111. Disconnecting.
INFO:kafka.conn:<BrokerConnection node_id=0 host=localhost:9092 <connecting> [IPv4 ('127.0.0.1', 9092)]>: Closing connection. KafkaConnectionError: 111 ECONNREFUSED
WARNING:kafka.client:Node 0 connection failed -- refreshing metadata
INFO:kafka.conn:<BrokerConnection node_id=0 host=localhost:9092 <connecting> [IPv4 ('127.0.0.1', 9092)]>: connecting to localhost:9092 [('127.0.0.1', 9092) IPv4]
ERROR:kafka.conn:Connect attempt to <BrokerConnection node_id=0 host=localhost:9092 <connecting> [IPv4 ('127.0.0.1', 9092)]> returned error 111. Disconnecting.
INFO:kafka.conn:<BrokerConnection node_id=0 host=localhost:9092 <connecting> [IPv4 ('127.0.0.1', 9092)]>: Closing connection. KafkaConnectionError: 111 ECONNREFUSED
WARNING:kafka.client:Node 0 connection failed -- refreshing metadata
INFO:kafka.conn:<BrokerConnection node_id=0 host=localhost:9092 <connecting> [IPv4 ('127.0.0.1', 9092)]>: connecting to localhost:9092 [('127.0.0.1', 9092) IPv4]
ERROR:kafka.conn:Connect attempt to <BrokerConnection node_id=0 host=localhost:9092 <connecting> [IPv4 ('127.0.0.1', 9092)]> returned error 111. Disconnecting.
INFO:kafka.conn:<BrokerConnection node_id=0 host=localhost:9092 <connecting> [IPv4 ('127.0.0.1', 9092)]>: Closing connection. KafkaConnectionError: 111 ECONNREFUSED
WARNING:kafka.client:Node 0 connection failed -- refreshing metadata
INFO:kafka.conn:<BrokerConnection node_id=0 host=localhost:9092 <connecting> [IPv4 ('127.0.0.1', 9092)]>: connecting to localhost:9092 [('127.0.0.1', 9092) IPv4]
ERROR:kafka.conn:Connect attempt to <BrokerConnection node_id=0 host=localhost:9092 <connecting> [IPv4 ('127.0.0.1', 9092)]> returned error 111. Disconnecting.
INFO:kafka.conn:<BrokerConnection node_id=0 host=localhost:9092 <connecting> [IPv4 ('127.0.0.1', 9092)]>: Closing connection. KafkaConnectionError: 111 ECONNREFUSED
WARNING:kafka.client:Node 0 connection failed -- refreshing metadata
INFO:kafka.conn:<BrokerConnection node_id=0 host=localhost:9092 <connecting> [IPv4 ('127.0.0.1', 9092)]>: connecting to localhost:9092 [('127.0.0.1', 9092) IPv4]
ERROR:kafka.conn:Connect attempt to <BrokerConnection node_id=0 host=localhost:9092 <connecting> [IPv4 ('127.0.0.1', 9092)]> returned error 111. Disconnecting.
INFO:kafka.conn:<BrokerConnection node_id=0 host=localhost:9092 <connecting> [IPv4 ('127.0.0.1', 9092)]>: Closing connection. KafkaConnectionError: 111 ECONNREFUSED
WARNING:kafka.client:Node 0 connection failed -- refreshing metadata
INFO:kafka.conn:<BrokerConnection node_id=0 host=localhost:9092 <connecting> [IPv4 ('127.0.0.1', 9092)]>: connecting to localhost:9092 [('127.0.0.1', 9092) IPv4]
ERROR:kafka.conn:Connect attempt to <BrokerConnection node_id=0 host=localhost:9092 <connecting> [IPv4 ('127.0.0.1', 9092)]> returned error 111. Disconnecting.
INFO:kafka.conn:<BrokerConnection node_id=0 host=localhost:9092 <connecting> [IPv4 ('127.0.0.1', 9092)]>: Closing connection. KafkaConnectionError: 111 ECONNREFUSED
WARNING:kafka.client:Node 0 connection failed -- refreshing metadata
INFO:kafka.conn:<BrokerConnection node_id=0 host=localhost:9092 <connecting> [IPv4 ('127.0.0.1', 9092)]>: connecting to localhost:9092 [('127.0.0.1', 9092) IPv4]
ERROR:kafka.conn:Connect attempt to <BrokerConnection node_id=0 host=localhost:9092 <connecting> [IPv4 ('127.0.0.1', 9092)]> returned error 111. Disconnecting.
INFO:kafka.conn:<BrokerConnection node_id=0 host=localhost:9092 <connecting> [IPv4 ('127.0.0.1', 9092)]>: Closing connection. KafkaConnectionError: 111 ECONNREFUSED
WARNING:kafka.client:Node 0 connection failed -- refreshing metadata
INFO:kafka.conn:<BrokerConnection node_id=0 host=localhost:9092 <connecting> [IPv4 ('127.0.0.1', 9092)]>: connecting to localhost:9092 [('127.0.0.1', 9092) IPv4]
ERROR:kafka.conn:Connect attempt to <BrokerConnection node_id=0 host=localhost:9092 <connecting> [IPv4 ('127.0.0.1', 9092)]> returned error 111. Disconnecting.
INFO:kafka.conn:<BrokerConnection node_id=0 host=localhost:9092 <connecting> [IPv4 ('127.0.0.1', 9092)]>: Closing connection. KafkaConnectionError: 111 ECONNREFUSED
WARNING:kafka.client:Node 0 connection failed -- refreshing metadata
INFO:kafka.conn:<BrokerConnection node_id=0 host=localhost:9092 <connecting> [IPv4 ('127.0.0.1', 9092)]>: connecting to localhost:9092 [('127.0.0.1', 9092) IPv4]
ERROR:kafka.conn:Connect attempt to <BrokerConnection node_id=0 host=localhost:9092 <connecting> [IPv4 ('127.0.0.1', 9092)]> returned error 111. Disconnecting.
INFO:kafka.conn:<BrokerConnection node_id=0 host=localhost:9092 <connecting> [IPv4 ('127.0.0.1', 9092)]>: Closing connection. KafkaConnectionError: 111 ECONNREFUSED
WARNING:kafka.client:Node 0 connection failed -- refreshing metadata
INFO:kafka.conn:<BrokerConnection node_id=0 host=localhost:9092 <connecting> [IPv4 ('127.0.0.1', 9092)]>: connecting to localhost:9092 [('127.0.0.1', 9092) IPv4]
ERROR:kafka.conn:Connect attempt to <BrokerConnection node_id=0 host=localhost:9092 <connecting> [IPv4 ('127.0.0.1', 9092)]> returned error 111. Disconnecting.
INFO:kafka.conn:<BrokerConnection node_id=0 host=localhost:9092 <connecting> [IPv4 ('127.0.0.1', 9092)]>: Closing connection. KafkaConnectionError: 111 ECONNREFUSED
WARNING:kafka.client:Node 0 connection failed -- refreshing metadata
INFO:kafka.conn:<BrokerConnection node_id=0 host=localhost:9092 <connecting> [IPv4 ('127.0.0.1', 9092)]>: connecting to localhost:9092 [('127.0.0.1', 9092) IPv4]
ERROR:kafka.conn:Connect attempt to <BrokerConnection node_id=0 host=localhost:9092 <connecting> [IPv4 ('127.0.0.1', 9092)]> returned error 111. Disconnecting.
INFO:kafka.conn:<BrokerConnection node_id=0 host=localhost:9092 <connecting> [IPv4 ('127.0.0.1', 9092)]>: Closing connection. KafkaConnectionError: 111 ECONNREFUSED
WARNING:kafka.client:Node 0 connection failed -- refreshing metadata
INFO:kafka.conn:<BrokerConnection node_id=0 host=localhost:9092 <connecting> [IPv4 ('127.0.0.1', 9092)]>: connecting to localhost:9092 [('127.0.0.1', 9092) IPv4]
ERROR:kafka.conn:Connect attempt to <BrokerConnection node_id=0 host=localhost:9092 <connecting> [IPv4 ('127.0.0.1', 9092)]> returned error 111. Disconnecting.
INFO:kafka.conn:<BrokerConnection node_id=0 host=localhost:9092 <connecting> [IPv4 ('127.0.0.1', 9092)]>: Closing connection. KafkaConnectionError: 111 ECONNREFUSED
WARNING:kafka.client:Node 0 connection failed -- refreshing metadata
INFO:kafka.conn:<BrokerConnection node_id=0 host=localhost:9092 <connecting> [IPv4 ('127.0.0.1', 9092)]>: connecting to localhost:9092 [('127.0.0.1', 9092) IPv4]
ERROR:kafka.conn:Connect attempt to <BrokerConnection node_id=0 host=localhost:9092 <connecting> [IPv4 ('127.0.0.1', 9092)]> returned error 111. Disconnecting.
INFO:kafka.conn:<BrokerConnection node_id=0 host=localhost:9092 <connecting> [IPv4 ('127.0.0.1', 9092)]>: Closing connection. KafkaConnectionError: 111 ECONNREFUSED
WARNING:kafka.client:Node 0 connection failed -- refreshing metadata
INFO:kafka.conn:<BrokerConnection node_id=0 host=localhost:9092 <connecting> [IPv4 ('127.0.0.1', 9092)]>: connecting to localhost:9092 [('127.0.0.1', 9092) IPv4]
ERROR:kafka.conn:Connect attempt to <BrokerConnection node_id=0 host=localhost:9092 <connecting> [IPv4 ('127.0.0.1', 9092)]> returned error 111. Disconnecting.
INFO:kafka.conn:<BrokerConnection node_id=0 host=localhost:9092 <connecting> [IPv4 ('127.0.0.1', 9092)]>: Closing connection. KafkaConnectionError: 111 ECONNREFUSED
WARNING:kafka.client:Node 0 connection failed -- refreshing metadata
INFO:kafka.conn:<BrokerConnection node_id=0 host=localhost:9092 <connecting> [IPv4 ('127.0.0.1', 9092)]>: connecting to localhost:9092 [('127.0.0.1', 9092) IPv4]
ERROR:kafka.conn:Connect attempt to <BrokerConnection node_id=0 host=localhost:9092 <connecting> [IPv4 ('127.0.0.1', 9092)]> returned error 111. Disconnecting.
INFO:kafka.conn:<BrokerConnection node_id=0 host=localhost:9092 <connecting> [IPv4 ('127.0.0.1', 9092)]>: Closing connection. KafkaConnectionError: 111 ECONNREFUSED
WARNING:kafka.client:Node 0 connection failed -- refreshing metadata
INFO:kafka.conn:<BrokerConnection node_id=0 host=localhost:9092 <connecting> [IPv4 ('127.0.0.1', 9092)]>: connecting to localhost:9092 [('127.0.0.1', 9092) IPv4]
ERROR:kafka.conn:Connect attempt to <BrokerConnection node_id=0 host=localhost:9092 <connecting> [IPv4 ('127.0.0.1', 9092)]> returned error 111. Disconnecting.
INFO:kafka.conn:<BrokerConnection node_id=0 host=localhost:9092 <connecting> [IPv4 ('127.0.0.1', 9092)]>: Closing connection. KafkaConnectionError: 111 ECONNREFUSED
WARNING:kafka.client:Node 0 connection failed -- refreshing metadata
INFO:kafka.conn:<BrokerConnection node_id=0 host=localhost:9092 <connecting> [IPv4 ('127.0.0.1', 9092)]>: connecting to localhost:9092 [('127.0.0.1', 9092) IPv4]
ERROR:kafka.conn:Connect attempt to <BrokerConnection node_id=0 host=localhost:9092 <connecting> [IPv4 ('127.0.0.1', 9092)]> returned error 111. Disconnecting.
INFO:kafka.conn:<BrokerConnection node_id=0 host=localhost:9092 <connecting> [IPv4 ('127.0.0.1', 9092)]>: Closing connection. KafkaConnectionError: 111 ECONNREFUSED
WARNING:kafka.client:Node 0 connection failed -- refreshing metadata
